VirtualBox VM 5.2.4 r119785 win.amd64 (Dec 18 2017 15:47:18) release log
00:00:03.731267 Log opened 2018-01-09T14:55:15.391378400Z
00:00:03.731268 Build Type: release
00:00:03.731271 OS Product: Windows 10
00:00:03.731272 OS Release: 10.0.17063
00:00:03.731272 OS Service Pack: 
00:00:03.963865 DMI Product Name: Latitude E5470
00:00:03.970752 DMI Product Version: 
00:00:03.970767 Host RAM: 16279MB (15.8GB) total, 12863MB (12.5GB) available
00:00:03.970773 Executable: C:\Program Files\Oracle\VirtualBox\VirtualBox.exe
00:00:03.970774 Process ID: 10132
00:00:03.970775 Package type: WINDOWS_64BITS_GENERIC
00:00:03.972818 Installed Extension Packs:
00:00:03.972893   None installed!
00:00:03.974179 Console: Machine state changed to 'Starting'
00:00:03.986969 Qt version: 5.6.2
00:00:03.992366 GUI: UIMediumEnumerator: Medium-enumeration finished!
00:00:04.179527 SUP: Loaded VMMR0.r0 (C:\Program Files\Oracle\VirtualBox\VMMR0.r0) at 0xXXXXXXXXXXXXXXXX - ModuleInit at XXXXXXXXXXXXXXXX and ModuleTerm at XXXXXXXXXXXXXXXX using the native ring-0 loader
00:00:04.179558 SUP: VMMR0EntryEx located at XXXXXXXXXXXXXXXX and VMMR0EntryFast at XXXXXXXXXXXXXXXX
00:00:04.179562 SUP: windbg> .reload /f C:\Program Files\Oracle\VirtualBox\VMMR0.r0=0xXXXXXXXXXXXXXXXX
00:00:04.181662 Guest OS type: 'Ubuntu_64'
00:00:04.182331 fHMForced=true - Lots of RAM
00:00:04.182342 fHMForced=true - SMP
00:00:04.182347 fHMForced=true - 64-bit guest
00:00:04.185529 File system of 'C:\Users\manoj\VirtualBox VMs\ubuntu\Snapshots' (snapshots) is unknown
00:00:04.185539 File system of 'C:\Users\manoj\VirtualBox VMs\ubuntu\ubuntu.vdi' is ntfs
00:00:04.635075 VideoRec: Only video will be recorded
00:00:04.654892 Shared clipboard service loaded
00:00:04.654914 Shared clipboard mode: Bidirectional
00:00:04.668702 Drag and drop service loaded
00:00:04.668730 Drag and drop mode: Bidirectional
00:00:04.695630 Guest Control service loaded
00:00:04.696701 ************************* CFGM dump *************************
00:00:04.696702 [/] (level 0)
00:00:04.696705   CSAMEnabled       <integer> = 0x0000000000000001 (1)
00:00:04.696707   CpuExecutionCap   <integer> = 0x0000000000000064 (100)
00:00:04.696708   EnablePAE         <integer> = 0x0000000000000000 (0)
00:00:04.696709   HMEnabled         <integer> = 0x0000000000000001 (1)
00:00:04.696710   MemBalloonSize    <integer> = 0x0000000000000000 (0)
00:00:04.696710   Name              <string>  = "ubuntu" (cb=7)
00:00:04.696711   NumCPUs           <integer> = 0x0000000000000002 (2)
00:00:04.696712   PATMEnabled       <integer> = 0x0000000000000001 (1)
00:00:04.696713   PageFusionAllowed <integer> = 0x0000000000000000 (0)
00:00:04.696713   RamHoleSize       <integer> = 0x0000000020000000 (536 870 912, 512 MB)
00:00:04.696715   RamSize           <integer> = 0x0000000279a00000 (10 630 463 488, 10 138 MB, 9.9 GB)
00:00:04.696717   RawR0Enabled      <integer> = 0x0000000000000001 (1)
00:00:04.696718   RawR3Enabled      <integer> = 0x0000000000000001 (1)
00:00:04.696718   TimerMillies      <integer> = 0x000000000000000a (10)
00:00:04.696719   UUID              <bytes>   = "cb ef 90 8e 20 b7 f0 4f ac ea b1 3c d4 62 a7 63" (cb=16)
00:00:04.696723 
00:00:04.696723 [/CPUM/] (level 1)
00:00:04.696724   GuestCpuName       <string>  = "host" (cb=5)
00:00:04.696725   PortableCpuIdLevel <integer> = 0x0000000000000000 (0)
00:00:04.696726 
00:00:04.696726 [/DBGC/] (level 1)
00:00:04.696727   GlobalInitScript <string>  = "C:\Users\manoj\.VirtualBox/dbgc-init" (cb=37)
00:00:04.696728   HistoryFile      <string>  = "C:\Users\manoj\.VirtualBox/dbgc-history" (cb=40)
00:00:04.696728   LocalInitScript  <string>  = "C:\Users\manoj\VirtualBox VMs\ubuntu/dbgc-init" (cb=47)
00:00:04.696729 
00:00:04.696729 [/DBGF/] (level 1)
00:00:04.696730   Path <string>  = "C:\Users\manoj\VirtualBox VMs\ubuntu/debug/;C:\Users\manoj\VirtualBox VMs\ubuntu/;C:\Users\manoj\" (cb=98)
00:00:04.696731 
00:00:04.696731 [/Devices/] (level 1)
00:00:04.696732 
00:00:04.696732 [/Devices/8237A/] (level 2)
00:00:04.696733 
00:00:04.696733 [/Devices/8237A/0/] (level 3)
00:00:04.696734   Trusted <integer> = 0x0000000000000001 (1)
00:00:04.696734 
00:00:04.696735 [/Devices/GIMDev/] (level 2)
00:00:04.696735 
00:00:04.696736 [/Devices/GIMDev/0/] (level 3)
00:00:04.696736   Trusted <integer> = 0x0000000000000001 (1)
00:00:04.696737 
00:00:04.696737 [/Devices/VMMDev/] (level 2)
00:00:04.696738 
00:00:04.696738 [/Devices/VMMDev/0/] (level 3)
00:00:04.696739   PCIBusNo      <integer> = 0x0000000000000000 (0)
00:00:04.696740   PCIDeviceNo   <integer> = 0x0000000000000004 (4)
00:00:04.696740   PCIFunctionNo <integer> = 0x0000000000000000 (0)
00:00:04.696741   Trusted       <integer> = 0x0000000000000001 (1)
00:00:04.696742 
00:00:04.696742 [/Devices/VMMDev/0/Config/] (level 4)
00:00:04.696743   GuestCoreDumpDir <string>  = "C:\Users\manoj\VirtualBox VMs\ubuntu\Snapshots" (cb=47)
00:00:04.696744 
00:00:04.696744 [/Devices/VMMDev/0/LUN#0/] (level 4)
00:00:04.696745   Driver <string>  = "HGCM" (cb=5)
00:00:04.696745 
00:00:04.696745 [/Devices/VMMDev/0/LUN#0/Config/] (level 5)
00:00:04.696747   Object <integer> = 0x0000000004832670 (75 703 920)
00:00:04.696748 
00:00:04.696748 [/Devices/VMMDev/0/LUN#999/] (level 4)
00:00:04.696749   Driver <string>  = "MainStatus" (cb=11)
00:00:04.696749 
00:00:04.696750 [/Devices/VMMDev/0/LUN#999/Config/] (level 5)
00:00:04.696751   First   <integer> = 0x0000000000000000 (0)
00:00:04.696751   Last    <integer> = 0x0000000000000000 (0)
00:00:04.696752   papLeds <integer> = 0x0000000002107330 (34 632 496)
00:00:04.696753 
00:00:04.696753 [/Devices/acpi/] (level 2)
00:00:04.696754 
00:00:04.696754 [/Devices/acpi/0/] (level 3)
00:00:04.696755   PCIBusNo      <integer> = 0x0000000000000000 (0)
00:00:04.696755   PCIDeviceNo   <integer> = 0x0000000000000007 (7)
00:00:04.696756   PCIFunctionNo <integer> = 0x0000000000000000 (0)
00:00:04.696757   Trusted       <integer> = 0x0000000000000001 (1)
00:00:04.696757 
00:00:04.696757 [/Devices/acpi/0/Config/] (level 4)
00:00:04.696759   CpuHotPlug          <integer> = 0x0000000000000000 (0)
00:00:04.696759   FdcEnabled          <integer> = 0x0000000000000000 (0)
00:00:04.696760   HostBusPciAddress   <integer> = 0x0000000000000000 (0)
00:00:04.696761   HpetEnabled         <integer> = 0x0000000000000000 (0)
00:00:04.696761   IOAPIC              <integer> = 0x0000000000000001 (1)
00:00:04.696762   IocPciAddress       <integer> = 0x0000000000010000 (65 536)
00:00:04.696763   NumCPUs             <integer> = 0x0000000000000002 (2)
00:00:04.696764   Parallel0IoPortBase <integer> = 0x0000000000000000 (0)
00:00:04.696764   Parallel0Irq        <integer> = 0x0000000000000000 (0)
00:00:04.696765   Parallel1IoPortBase <integer> = 0x0000000000000000 (0)
00:00:04.696766   Parallel1Irq        <integer> = 0x0000000000000000 (0)
00:00:04.696766   Serial0IoPortBase   <integer> = 0x0000000000000000 (0)
00:00:04.696767   Serial0Irq          <integer> = 0x0000000000000000 (0)
00:00:04.696767   Serial1IoPortBase   <integer> = 0x0000000000000000 (0)
00:00:04.696768   Serial1Irq          <integer> = 0x0000000000000000 (0)
00:00:04.696769   ShowCpu             <integer> = 0x0000000000000001 (1)
00:00:04.696769   ShowRtc             <integer> = 0x0000000000000000 (0)
00:00:04.696770   SmcEnabled          <integer> = 0x0000000000000000 (0)
00:00:04.696770 
00:00:04.696771 [/Devices/acpi/0/LUN#0/] (level 4)
00:00:04.696771   Driver <string>  = "ACPIHost" (cb=9)
00:00:04.696772 
00:00:04.696772 [/Devices/acpi/0/LUN#0/Config/] (level 5)
00:00:04.696773 
00:00:04.696773 [/Devices/acpi/0/LUN#1/] (level 4)
00:00:04.696774   Driver <string>  = "ACPICpu" (cb=8)
00:00:04.696775 
00:00:04.696775 [/Devices/acpi/0/LUN#1/Config/] (level 5)
00:00:04.696776 
00:00:04.696776 [/Devices/ahci/] (level 2)
00:00:04.696777 
00:00:04.696777 [/Devices/ahci/0/] (level 3)
00:00:04.696778   PCIBusNo      <integer> = 0x0000000000000000 (0)
00:00:04.696779   PCIDeviceNo   <integer> = 0x000000000000000d (13)
00:00:04.696779   PCIFunctionNo <integer> = 0x0000000000000000 (0)
00:00:04.696780   Trusted       <integer> = 0x0000000000000001 (1)
00:00:04.696780 
00:00:04.696781 [/Devices/ahci/0/Config/] (level 4)
00:00:04.696782   Bootable  <integer> = 0x0000000000000001 (1)
00:00:04.696782   PortCount <integer> = 0x0000000000000001 (1)
00:00:04.696783 
00:00:04.696783 [/Devices/ahci/0/Config/Port0/] (level 5)
00:00:04.696784   Hotpluggable <integer> = 0x0000000000000000 (0)
00:00:04.696784 
00:00:04.696785 [/Devices/ahci/0/LUN#0/] (level 4)
00:00:04.696786   Driver <string>  = "VD" (cb=3)
00:00:04.696786 
00:00:04.696786 [/Devices/ahci/0/LUN#0/Config/] (level 5)
00:00:04.696788   BlockCache <integer> = 0x0000000000000001 (1)
00:00:04.696788   Format     <string>  = "VDI" (cb=4)
00:00:04.696789   Mountable  <integer> = 0x0000000000000000 (0)
00:00:04.696789   Path       <string>  = "C:\Users\manoj\VirtualBox VMs\ubuntu\ubuntu.vdi" (cb=48)
00:00:04.696790   Type       <string>  = "HardDisk" (cb=9)
00:00:04.696791   UseNewIo   <integer> = 0x0000000000000001 (1)
00:00:04.696791 
00:00:04.696792 [/Devices/ahci/0/LUN#999/] (level 4)
00:00:04.696792   Driver <string>  = "MainStatus" (cb=11)
00:00:04.696793 
00:00:04.696793 [/Devices/ahci/0/LUN#999/Config/] (level 5)
00:00:04.696794   DeviceInstance        <string>  = "ahci/0" (cb=7)
00:00:04.696795   First                 <integer> = 0x0000000000000000 (0)
00:00:04.696796   Last                  <integer> = 0x0000000000000000 (0)
00:00:04.696796   pConsole              <integer> = 0x0000000002106b20 (34 630 432)
00:00:04.696797   papLeds               <integer> = 0x0000000002106f30 (34 631 472)
00:00:04.696798   pmapMediumAttachments <integer> = 0x0000000002107350 (34 632 528)
00:00:04.696799 
00:00:04.696800 [/Devices/apic/] (level 2)
00:00:04.696800 
00:00:04.696801 [/Devices/apic/0/] (level 3)
00:00:04.696801   Trusted <integer> = 0x0000000000000001 (1)
00:00:04.696802 
00:00:04.696802 [/Devices/apic/0/Config/] (level 4)
00:00:04.696803   IOAPIC  <integer> = 0x0000000000000001 (1)
00:00:04.696804   Mode    <integer> = 0x0000000000000003 (3)
00:00:04.696804   NumCPUs <integer> = 0x0000000000000002 (2)
00:00:04.696805 
00:00:04.696805 [/Devices/e1000/] (level 2)
00:00:04.696806 
00:00:04.696806 [/Devices/e1000/0/] (level 3)
00:00:04.696807   PCIBusNo      <integer> = 0x0000000000000000 (0)
00:00:04.696807   PCIDeviceNo   <integer> = 0x0000000000000003 (3)
00:00:04.696808   PCIFunctionNo <integer> = 0x0000000000000000 (0)
00:00:04.696808   Trusted       <integer> = 0x0000000000000001 (1)
00:00:04.696809 
00:00:04.696809 [/Devices/e1000/0/Config/] (level 4)
00:00:04.696810   AdapterType    <integer> = 0x0000000000000000 (0)
00:00:04.696811   CableConnected <integer> = 0x0000000000000001 (1)
00:00:04.696811   LineSpeed      <integer> = 0x0000000000000000 (0)
00:00:04.696812   MAC            <bytes>   = "08 00 27 fe 8a 36" (cb=6)
00:00:04.696813 
00:00:04.696813 [/Devices/e1000/0/LUN#0/] (level 4)
00:00:04.696814   Driver <string>  = "IntNet" (cb=7)
00:00:04.696815 
00:00:04.696815 [/Devices/e1000/0/LUN#0/Config/] (level 5)
00:00:04.696816   IfPolicyPromisc      <string>  = "deny" (cb=5)
00:00:04.696817   IgnoreConnectFailure <integer> = 0x0000000000000000 (0)
00:00:04.696817   Network              <string>  = "HostInterfaceNetworking-Intel(R) Dual Band Wireless-AC 8260" (cb=60)
00:00:04.696818   SharedMacOnWire      <integer> = 0x0000000000000001 (1)
00:00:04.696819   Trunk                <string>  = "\DEVICE\{FCA61B37-B4B0-493C-8585-C8151DEC2B75}" (cb=47)
00:00:04.696819   TrunkType            <integer> = 0x0000000000000003 (3)
00:00:04.696820 
00:00:04.696820 [/Devices/e1000/0/LUN#999/] (level 4)
00:00:04.696821   Driver <string>  = "MainStatus" (cb=11)
00:00:04.696822 
00:00:04.696822 [/Devices/e1000/0/LUN#999/Config/] (level 5)
00:00:04.696823   First   <integer> = 0x0000000000000000 (0)
00:00:04.696823   Last    <integer> = 0x0000000000000000 (0)
00:00:04.696824   papLeds <integer> = 0x0000000002107210 (34 632 208)
00:00:04.696825 
00:00:04.696825 [/Devices/i8254/] (level 2)
00:00:04.696825 
00:00:04.696826 [/Devices/i8254/0/] (level 3)
00:00:04.696827 
00:00:04.696827 [/Devices/i8254/0/Config/] (level 4)
00:00:04.696828 
00:00:04.696828 [/Devices/i8259/] (level 2)
00:00:04.696828 
00:00:04.696829 [/Devices/i8259/0/] (level 3)
00:00:04.696829   Trusted <integer> = 0x0000000000000001 (1)
00:00:04.696830 
00:00:04.696830 [/Devices/i8259/0/Config/] (level 4)
00:00:04.696831 
00:00:04.696831 [/Devices/ichac97/] (level 2)
00:00:04.696832 
00:00:04.696832 [/Devices/ichac97/0/] (level 3)
00:00:04.696833   PCIBusNo      <integer> = 0x0000000000000000 (0)
00:00:04.696834   PCIDeviceNo   <integer> = 0x0000000000000005 (5)
00:00:04.696834   PCIFunctionNo <integer> = 0x0000000000000000 (0)
00:00:04.696835   Trusted       <integer> = 0x0000000000000001 (1)
00:00:04.696835 
00:00:04.696835 [/Devices/ichac97/0/AudioConfig/] (level 4)
00:00:04.696836 
00:00:04.696837 [/Devices/ichac97/0/Config/] (level 4)
00:00:04.696837   Codec <string>  = "AD1980" (cb=7)
00:00:04.696838 
00:00:04.696838 [/Devices/ichac97/0/LUN#0/] (level 4)
00:00:04.696839   Driver <string>  = "AUDIO" (cb=6)
00:00:04.696839 
00:00:04.696840 [/Devices/ichac97/0/LUN#0/AttachedDriver/] (level 5)
00:00:04.696841   Driver <string>  = "DSoundAudio" (cb=12)
00:00:04.696841 
00:00:04.696841 [/Devices/ichac97/0/LUN#0/AttachedDriver/Config/] (level 6)
00:00:04.696842   StreamName <string>  = "ubuntu" (cb=7)
00:00:04.696843 
00:00:04.696843 [/Devices/ichac97/0/LUN#0/Config/] (level 5)
00:00:04.696844   DebugEnabled  <integer> = 0x0000000000000000 (0)
00:00:04.696845   DebugPathOut  <string>  = "" (cb=1)
00:00:04.696846   DriverName    <string>  = "DSoundAudio" (cb=12)
00:00:04.696846   InputEnabled  <integer> = 0x0000000000000000 (0)
00:00:04.696847   OutputEnabled <integer> = 0x0000000000000001 (1)
00:00:04.696847 
00:00:04.696847 [/Devices/ichac97/0/LUN#1/] (level 4)
00:00:04.696848   Driver <string>  = "AUDIO" (cb=6)
00:00:04.696849 
00:00:04.696849 [/Devices/ichac97/0/LUN#1/AttachedDriver/] (level 5)
00:00:04.696850   Driver <string>  = "AudioVRDE" (cb=10)
00:00:04.696851 
00:00:04.696851 [/Devices/ichac97/0/LUN#1/AttachedDriver/Config/] (level 6)
00:00:04.696852   Object           <integer> = 0x000000000210ac80 (34 647 168)
00:00:04.696853   ObjectVRDPServer <integer> = 0x000000000210e260 (34 660 960)
00:00:04.696854   StreamName       <string>  = "ubuntu" (cb=7)
00:00:04.696854 
00:00:04.696854 [/Devices/ichac97/0/LUN#1/Config/] (level 5)
00:00:04.696855   DebugEnabled  <integer> = 0x0000000000000000 (0)
00:00:04.696856   DebugPathOut  <string>  = "" (cb=1)
00:00:04.696857   DriverName    <string>  = "AudioVRDE" (cb=10)
00:00:04.696857   InputEnabled  <integer> = 0x0000000000000000 (0)
00:00:04.696858   OutputEnabled <integer> = 0x0000000000000001 (1)
00:00:04.696858 
00:00:04.696859 [/Devices/ioapic/] (level 2)
00:00:04.696859 
00:00:04.696859 [/Devices/ioapic/0/] (level 3)
00:00:04.696860   Trusted <integer> = 0x0000000000000001 (1)
00:00:04.696861 
00:00:04.696861 [/Devices/ioapic/0/Config/] (level 4)
00:00:04.696862   NumCPUs <integer> = 0x0000000000000002 (2)
00:00:04.696862 
00:00:04.696863 [/Devices/mc146818/] (level 2)
00:00:04.696863 
00:00:04.696864 [/Devices/mc146818/0/] (level 3)
00:00:04.696864 
00:00:04.696865 [/Devices/mc146818/0/Config/] (level 4)
00:00:04.696865   UseUTC <integer> = 0x0000000000000001 (1)
00:00:04.696866 
00:00:04.696866 [/Devices/parallel/] (level 2)
00:00:04.696867 
00:00:04.696867 [/Devices/pcarch/] (level 2)
00:00:04.696868 
00:00:04.696868 [/Devices/pcarch/0/] (level 3)
00:00:04.696869   Trusted <integer> = 0x0000000000000001 (1)
00:00:04.696869 
00:00:04.696869 [/Devices/pcarch/0/Config/] (level 4)
00:00:04.696870 
00:00:04.696870 [/Devices/pcbios/] (level 2)
00:00:04.696871 
00:00:04.696871 [/Devices/pcbios/0/] (level 3)
00:00:04.696872   Trusted <integer> = 0x0000000000000001 (1)
00:00:04.696872 
00:00:04.696873 [/Devices/pcbios/0/Config/] (level 4)
00:00:04.696874   APIC               <integer> = 0x0000000000000001 (1)
00:00:04.696875   BootDevice0        <string>  = "FLOPPY" (cb=7)
00:00:04.696875   BootDevice1        <string>  = "DVD" (cb=4)
00:00:04.696876   BootDevice2        <string>  = "IDE" (cb=4)
00:00:04.696876   BootDevice3        <string>  = "NONE" (cb=5)
00:00:04.696877   FloppyDevice       <string>  = "i82078" (cb=7)
00:00:04.696877   HardDiskDevice     <string>  = "piix3ide" (cb=9)
00:00:04.696878   IOAPIC             <integer> = 0x0000000000000001 (1)
00:00:04.696879   McfgBase           <integer> = 0x0000000000000000 (0)
00:00:04.696879   McfgLength         <integer> = 0x0000000000000000 (0)
00:00:04.696880   NumCPUs            <integer> = 0x0000000000000002 (2)
00:00:04.696880   PXEDebug           <integer> = 0x0000000000000000 (0)
00:00:04.696881   SataHardDiskDevice <string>  = "ahci" (cb=5)
00:00:04.696882   SataLUN1           <integer> = 0x0000000000000000 (0)
00:00:04.696882   UUID               <bytes>   = "cb ef 90 8e 20 b7 f0 4f ac ea b1 3c d4 62 a7 63" (cb=16)
00:00:04.696884 
00:00:04.696884 [/Devices/pcbios/0/Config/NetBoot/] (level 5)
00:00:04.696885 
00:00:04.696885 [/Devices/pcbios/0/Config/NetBoot/0/] (level 6)
00:00:04.696886   NIC           <integer> = 0x0000000000000000 (0)
00:00:04.696887   PCIBusNo      <integer> = 0x0000000000000000 (0)
00:00:04.696888   PCIDeviceNo   <integer> = 0x0000000000000003 (3)
00:00:04.696888   PCIFunctionNo <integer> = 0x0000000000000000 (0)
00:00:04.696889 
00:00:04.696889 [/Devices/pci/] (level 2)
00:00:04.696890 
00:00:04.696890 [/Devices/pci/0/] (level 3)
00:00:04.696890   Trusted <integer> = 0x0000000000000001 (1)
00:00:04.696891 
00:00:04.696891 [/Devices/pci/0/Config/] (level 4)
00:00:04.696892   IOAPIC <integer> = 0x0000000000000001 (1)
00:00:04.696893 
00:00:04.696893 [/Devices/pckbd/] (level 2)
00:00:04.696893 
00:00:04.696894 [/Devices/pckbd/0/] (level 3)
00:00:04.696894   Trusted <integer> = 0x0000000000000001 (1)
00:00:04.696895 
00:00:04.696895 [/Devices/pckbd/0/Config/] (level 4)
00:00:04.696896 
00:00:04.696896 [/Devices/pckbd/0/LUN#0/] (level 4)
00:00:04.696897   Driver <string>  = "KeyboardQueue" (cb=14)
00:00:04.696898 
00:00:04.696898 [/Devices/pckbd/0/LUN#0/AttachedDriver/] (level 5)
00:00:04.696899   Driver <string>  = "MainKeyboard" (cb=13)
00:00:04.696900 
00:00:04.696900 [/Devices/pckbd/0/LUN#0/AttachedDriver/Config/] (level 6)
00:00:04.696901   Object <integer> = 0x000000000208c050 (34 127 952)
00:00:04.696902 
00:00:04.696902 [/Devices/pckbd/0/LUN#0/Config/] (level 5)
00:00:04.696903   QueueSize <integer> = 0x0000000000000040 (64)
00:00:04.696904 
00:00:04.696904 [/Devices/pckbd/0/LUN#1/] (level 4)
00:00:04.696905   Driver <string>  = "MouseQueue" (cb=11)
00:00:04.696905 
00:00:04.696906 [/Devices/pckbd/0/LUN#1/AttachedDriver/] (level 5)
00:00:04.696907   Driver <string>  = "MainMouse" (cb=10)
00:00:04.696907 
00:00:04.696907 [/Devices/pckbd/0/LUN#1/AttachedDriver/Config/] (level 6)
00:00:04.696908   Object <integer> = 0x00000000020b77d0 (34 306 000)
00:00:04.696909 
00:00:04.696909 [/Devices/pckbd/0/LUN#1/Config/] (level 5)
00:00:04.696910   QueueSize <integer> = 0x0000000000000080 (128)
00:00:04.696911 
00:00:04.696911 [/Devices/pcnet/] (level 2)
00:00:04.696912 
00:00:04.696912 [/Devices/piix3ide/] (level 2)
00:00:04.696913 
00:00:04.696913 [/Devices/piix3ide/0/] (level 3)
00:00:04.696914   PCIBusNo      <integer> = 0x0000000000000000 (0)
00:00:04.696914   PCIDeviceNo   <integer> = 0x0000000000000001 (1)
00:00:04.696915   PCIFunctionNo <integer> = 0x0000000000000001 (1)
00:00:04.696916   Trusted       <integer> = 0x0000000000000001 (1)
00:00:04.696916 
00:00:04.696916 [/Devices/piix3ide/0/Config/] (level 4)
00:00:04.696917   Type <string>  = "PIIX4" (cb=6)
00:00:04.696918 
00:00:04.696918 [/Devices/piix3ide/0/LUN#2/] (level 4)
00:00:04.696919   Driver <string>  = "VD" (cb=3)
00:00:04.696919 
00:00:04.696920 [/Devices/piix3ide/0/LUN#2/Config/] (level 5)
00:00:04.696921   EmptyDrive <integer> = 0x0000000000000001 (1)
00:00:04.696921   Mountable  <integer> = 0x0000000000000001 (1)
00:00:04.696922   Type       <string>  = "DVD" (cb=4)
00:00:04.696922 
00:00:04.696923 [/Devices/piix3ide/0/LUN#999/] (level 4)
00:00:04.696923   Driver <string>  = "MainStatus" (cb=11)
00:00:04.696924 
00:00:04.696924 [/Devices/piix3ide/0/LUN#999/Config/] (level 5)
00:00:04.696925   DeviceInstance        <string>  = "piix3ide/0" (cb=11)
00:00:04.696926   First                 <integer> = 0x0000000000000000 (0)
00:00:04.696927   Last                  <integer> = 0x0000000000000003 (3)
00:00:04.696927   pConsole              <integer> = 0x0000000002106b20 (34 630 432)
00:00:04.696928   papLeds               <integer> = 0x0000000002106f10 (34 631 440)
00:00:04.696929   pmapMediumAttachments <integer> = 0x0000000002107350 (34 632 528)
00:00:04.696930 
00:00:04.696930 [/Devices/serial/] (level 2)
00:00:04.696931 
00:00:04.696931 [/Devices/usb-ohci/] (level 2)
00:00:04.696932 
00:00:04.696932 [/Devices/usb-ohci/0/] (level 3)
00:00:04.696933   PCIBusNo      <integer> = 0x0000000000000000 (0)
00:00:04.696933   PCIDeviceNo   <integer> = 0x0000000000000006 (6)
00:00:04.696934   PCIFunctionNo <integer> = 0x0000000000000000 (0)
00:00:04.696935   Trusted       <integer> = 0x0000000000000001 (1)
00:00:04.696935 
00:00:04.696935 [/Devices/usb-ohci/0/Config/] (level 4)
00:00:04.696936 
00:00:04.696936 [/Devices/usb-ohci/0/LUN#0/] (level 4)
00:00:04.696937   Driver <string>  = "VUSBRootHub" (cb=12)
00:00:04.696938 
00:00:04.696938 [/Devices/usb-ohci/0/LUN#0/Config/] (level 5)
00:00:04.696939 
00:00:04.696939 [/Devices/usb-ohci/0/LUN#999/] (level 4)
00:00:04.696940   Driver <string>  = "MainStatus" (cb=11)
00:00:04.696940 
00:00:04.696940 [/Devices/usb-ohci/0/LUN#999/Config/] (level 5)
00:00:04.696942   First   <integer> = 0x0000000000000000 (0)
00:00:04.696942   Last    <integer> = 0x0000000000000000 (0)
00:00:04.696943   papLeds <integer> = 0x0000000002107338 (34 632 504)
00:00:04.696943 
00:00:04.696944 [/Devices/vga/] (level 2)
00:00:04.696944 
00:00:04.696945 [/Devices/vga/0/] (level 3)
00:00:04.696945   PCIBusNo      <integer> = 0x0000000000000000 (0)
00:00:04.696946   PCIDeviceNo   <integer> = 0x0000000000000002 (2)
00:00:04.696947   PCIFunctionNo <integer> = 0x0000000000000000 (0)
00:00:04.696947   Trusted       <integer> = 0x0000000000000001 (1)
00:00:04.696948 
00:00:04.696948 [/Devices/vga/0/Config/] (level 4)
00:00:04.696949   CustomVideoModes <integer> = 0x0000000000000000 (0)
00:00:04.696950   FadeIn           <integer> = 0x0000000000000001 (1)
00:00:04.696950   FadeOut          <integer> = 0x0000000000000001 (1)
00:00:04.696951   HeightReduction  <integer> = 0x0000000000000000 (0)
00:00:04.696951   LogoFile         <string>  = "" (cb=1)
00:00:04.696952   LogoTime         <integer> = 0x0000000000000000 (0)
00:00:04.696953   MonitorCount     <integer> = 0x0000000000000001 (1)
00:00:04.696953   ShowBootMenu     <integer> = 0x0000000000000002 (2)
00:00:04.696954   VRamSize         <integer> = 0x0000000003700000 (57 671 680, 55 MB)
00:00:04.696955 
00:00:04.696955 [/Devices/vga/0/LUN#0/] (level 4)
00:00:04.696956   Driver <string>  = "MainDisplay" (cb=12)
00:00:04.696957 
00:00:04.696957 [/Devices/vga/0/LUN#0/Config/] (level 5)
00:00:04.696958   Object <integer> = 0x000000000210ad00 (34 647 296)
00:00:04.696958 
00:00:04.696959 [/Devices/vga/0/LUN#999/] (level 4)
00:00:04.696959   Driver <string>  = "MainStatus" (cb=11)
00:00:04.696960 
00:00:04.696960 [/Devices/vga/0/LUN#999/Config/] (level 5)
00:00:04.696961   First   <integer> = 0x0000000000000000 (0)
00:00:04.696962   Last    <integer> = 0x0000000000000000 (0)
00:00:04.696962   papLeds <integer> = 0x0000000002107348 (34 632 520)
00:00:04.696963 
00:00:04.696963 [/Devices/virtio-net/] (level 2)
00:00:04.696964 
00:00:04.696964 [/EM/] (level 1)
00:00:04.696965   TripleFaultReset <integer> = 0x0000000000000000 (0)
00:00:04.696966 
00:00:04.696966 [/GIM/] (level 1)
00:00:04.696966   Provider <string>  = "KVM" (cb=4)
00:00:04.696967 
00:00:04.696967 [/HM/] (level 1)
00:00:04.696968   64bitEnabled       <integer> = 0x0000000000000001 (1)
00:00:04.696968   EnableLargePages   <integer> = 0x0000000000000001 (1)
00:00:04.696969   EnableNestedPaging <integer> = 0x0000000000000001 (1)
00:00:04.696969   EnableUX           <integer> = 0x0000000000000001 (1)
00:00:04.696970   EnableVPID         <integer> = 0x0000000000000001 (1)
00:00:04.696971   Exclusive          <integer> = 0x0000000000000000 (0)
00:00:04.696971   HMForced           <integer> = 0x0000000000000001 (1)
00:00:04.696972 
00:00:04.696972 [/MM/] (level 1)
00:00:04.696973   CanUseLargerHeap <integer> = 0x0000000000000000 (0)
00:00:04.696973 
00:00:04.696974 [/PDM/] (level 1)
00:00:04.696974 
00:00:04.696974 [/PDM/AsyncCompletion/] (level 2)
00:00:04.696975 
00:00:04.696975 [/PDM/AsyncCompletion/File/] (level 3)
00:00:04.696976 
00:00:04.696976 [/PDM/AsyncCompletion/File/BwGroups/] (level 4)
00:00:04.696977 
00:00:04.696978 [/PDM/BlkCache/] (level 2)
00:00:04.696978   CacheSize <integer> = 0x0000000000500000 (5 242 880, 5 MB)
00:00:04.696979 
00:00:04.696980 [/PDM/Devices/] (level 2)
00:00:04.696980 
00:00:04.696980 [/PDM/Drivers/] (level 2)
00:00:04.696981 
00:00:04.696981 [/PDM/Drivers/VBoxC/] (level 3)
00:00:04.696982   Path <string>  = "VBoxC" (cb=6)
00:00:04.696983 
00:00:04.696983 [/PDM/NetworkShaper/] (level 2)
00:00:04.696983 
00:00:04.696984 [/PDM/NetworkShaper/BwGroups/] (level 3)
00:00:04.696984 
00:00:04.696985 [/TM/] (level 1)
00:00:04.696985   UTCOffset <integer> = 0x0000000000000000 (0)
00:00:04.696986 
00:00:04.696986 [/USB/] (level 1)
00:00:04.696987 
00:00:04.696987 [/USB/HidMouse/] (level 2)
00:00:04.696987 
00:00:04.696988 [/USB/HidMouse/0/] (level 3)
00:00:04.696988 
00:00:04.696989 [/USB/HidMouse/0/Config/] (level 4)
00:00:04.696989   Mode <string>  = "absolute" (cb=9)
00:00:04.696990 
00:00:04.696990 [/USB/HidMouse/0/LUN#0/] (level 4)
00:00:04.696991   Driver <string>  = "MouseQueue" (cb=11)
00:00:04.696991 
00:00:04.696992 [/USB/HidMouse/0/LUN#0/AttachedDriver/] (level 5)
00:00:04.696993   Driver <string>  = "MainMouse" (cb=10)
00:00:04.696993 
00:00:04.696993 [/USB/HidMouse/0/LUN#0/AttachedDriver/Config/] (level 6)
00:00:04.696994   Object <integer> = 0x00000000020b77d0 (34 306 000)
00:00:04.696995 
00:00:04.696995 [/USB/HidMouse/0/LUN#0/Config/] (level 5)
00:00:04.696996   QueueSize <integer> = 0x0000000000000080 (128)
00:00:04.696997 
00:00:04.696997 [/USB/USBProxy/] (level 2)
00:00:04.696998 
00:00:04.696998 [/USB/USBProxy/GlobalConfig/] (level 3)
00:00:04.696999 
00:00:04.696999 ********************* End of CFGM dump **********************
00:00:04.697004 VM: fHMEnabled=true  (configured) fRecompileUser=false fRecompileSupervisor=false
00:00:04.697005 VM: fRawRing1Enabled=false CSAM=true  PATM=true 
00:00:04.697272 HM: HMR3Init: VT-x w/ nested paging and unrestricted guest execution hw support
00:00:04.697364 MM: cbHyperHeap=0x140000 (1310720)
00:00:04.699676 CPUM: fXStateHostMask=0x7; initial: 0x7; host XCR0=0x1f
00:00:04.701024 CPUM: Matched host CPU INTEL 0x6/0x4e/0x3 Intel_Core7_Skylake with CPU DB entry 'Intel Core i7-6700K' (INTEL 0x6/0x5e/0x3 Intel_Core7_Skylake)
00:00:04.701075 CPUM: MXCSR_MASK=0xffff (host: 0xffff)
00:00:04.701086 CPUM: Microcode revision 0x000000BE
00:00:04.701094 CPUM: Changing leaf 13[0]: EBX=0x440 -> 0x340, ECX=0x440 -> 0x340
00:00:04.702977 PGM: HCPhysInterPD=00000000aa3b5000 HCPhysInterPaePDPT=00000000aa396000 HCPhysInterPaePML4=00000000aa398000
00:00:04.702986 PGM: apInterPTs={00000000aa3b6000,00000000aa3b7000} apInterPaePTs={00000002a7824000,00000002a7825000} apInterPaePDs={00000002a7826000,00000002a7827000,00000002a7828000,00000002a7829000} pInterPaePDPT64=00000000aa397000
00:00:04.702993 PGM: Host paging mode: AMD64+NX
00:00:04.703001 PGM: PGMPool: cMaxPages=5120 (u64MaxPages=5110)
00:00:04.703004 PGM: pgmR3PoolInit: cMaxPages=0x1400 cMaxUsers=0x2800 cMaxPhysExts=0x2000 fCacheEnable=true 
00:00:04.789415 TM: GIP - u32Mode=3 (Invariant) u32UpdateHz=93 u32UpdateIntervalNS=10734900 enmUseTscDelta=2 (Pratically Zero) fGetGipCpu=0xb cCpus=4
00:00:04.789468 TM: GIP - u64CpuHz=2 495 999 911 (0x94c5efa7)  SUPGetCpuHzFromGip => 2 495 999 911
00:00:04.789477 TM: GIP - CPU: iCpuSet=0x0 idCpu=0x0 idApic=0x0 iGipCpu=0x0 i64TSCDelta=0 enmState=3 u64CpuHz=2495999911(*) cErrors=0
00:00:04.789481 TM: GIP - CPU: iCpuSet=0x1 idCpu=0x1 idApic=0x1 iGipCpu=0x3 i64TSCDelta=0 enmState=3 u64CpuHz=2495999498(*) cErrors=0
00:00:04.789485 TM: GIP - CPU: iCpuSet=0x2 idCpu=0x2 idApic=0x2 iGipCpu=0x1 i64TSCDelta=0 enmState=3 u64CpuHz=2496012027(*) cErrors=0
00:00:04.789488 TM: GIP - CPU: iCpuSet=0x3 idCpu=0x3 idApic=0x3 iGipCpu=0x2 i64TSCDelta=0 enmState=3 u64CpuHz=2495997107(*) cErrors=0
00:00:04.789531 TM: cTSCTicksPerSecond=2 495 999 911 (0x94c5efa7) enmTSCMode=1 (VirtTscEmulated)
00:00:04.789532 TM: TSCTiedToExecution=false TSCNotTiedToHalt=false
00:00:04.790300 VMM: CoreCode: R3=000000000d8f0000 R0=XXXXXXXXXXXXXXXX RC=a1062000 Phys=00000000aa377000 cb=0x1000
00:00:04.790510 IEM: TargetCpu=CURRENT, Microarch=Intel_Core7_Skylake
00:00:04.790598 GIM: Using provider 'KVM' (Implementation version: 0)
00:00:04.790607 CPUM: SetGuestCpuIdFeature: Enabled Hypervisor Present bit
00:00:04.790666 AIOMgr: Default manager type is 'Async'
00:00:04.790670 AIOMgr: Default file backend is 'NonBuffered'
00:00:04.790909 BlkCache: Cache successfully initialized. Cache size is 5242880 bytes
00:00:04.790919 BlkCache: Cache commit interval is 10000 ms
00:00:04.790922 BlkCache: Cache commit threshold is 2621440 bytes
00:00:04.998369 PcBios: [SMP] BIOS with 2 CPUs
00:00:04.998394 PcBios: Using the 386+ BIOS image.
00:00:04.998482 PcBios: MPS table at 000e1300
00:00:05.001491 PcBios: fCheckShutdownStatusForSoftReset=true   fClearShutdownStatusOnHardReset=true 
00:00:05.020348 SUP: Loaded VBoxDDR0.r0 (C:\Program Files\Oracle\VirtualBox\VBoxDDR0.r0) at 0xXXXXXXXXXXXXXXXX - ModuleInit at XXXXXXXXXXXXXXXX and ModuleTerm at XXXXXXXXXXXXXXXX using the native ring-0 loader
00:00:05.020379 SUP: windbg> .reload /f C:\Program Files\Oracle\VirtualBox\VBoxDDR0.r0=0xXXXXXXXXXXXXXXXX
00:00:05.020676 CPUM: SetGuestCpuIdFeature: Enabled xAPIC
00:00:05.020684 CPUM: SetGuestCpuIdFeature: Enabled x2APIC
00:00:05.021090 IOAPIC: Using implementation 2.0!
00:00:05.021139 PIT: mode=3 count=0x10000 (65536) - 18.20 Hz (ch=0)
00:00:05.036483 Shared Folders service loaded
00:00:05.055470 VGA: Using the 386+ BIOS image.
00:00:05.056535 DrvVD: Flushes will be ignored
00:00:05.056546 DrvVD: Async flushes will be passed to the disk
00:00:05.058400 VD: VDInit finished with VINF_SUCCESS
00:00:05.060508 AIOMgr: Endpoint for file 'C:\Users\manoj\VirtualBox VMs\ubuntu\ubuntu.vdi' (flags 000c0723) created successfully
00:00:05.094288 VD: Opening the disk took 36120236 ns
00:00:05.094535 AHCI: LUN#0: disk, PCHS=16383/16/63, total number of sectors 42213632
00:00:05.095209 AHCI#0: Reset the HBA
00:00:05.095256 VD#0: Cancelling all active requests
00:00:05.095896 PIIX3 ATA: LUN#0: no unit
00:00:05.095920 PIIX3 ATA: LUN#1: no unit
00:00:05.096035 DrvVD: Flushes will be ignored
00:00:05.096051 DrvVD: Async flushes will be passed to the disk
00:00:05.097100 PIIX3 ATA: LUN#2: CD/DVD, total number of sectors 0, passthrough disabled
00:00:05.097145 PIIX3 ATA: LUN#3: no unit
00:00:05.097215 PIIX3 ATA: Ctl#1: finished processing RESET
00:00:05.097275 PIIX3 ATA: Ctl#0: finished processing RESET
00:00:05.097450 E1000#0 Chip=82540EM LinkUpDelay=3000ms EthernetCRC=on GSO=enabled Itr=disabled ItrRx=enabled TID=disabled R0=enabled GC=enabled
00:00:05.097844 IntNet#0: szNetwork={HostInterfaceNetworking-Intel(R) Dual Band Wireless-AC 8260} enmTrunkType=3 szTrunk={\DEVICE\{FCA61B37-B4B0-493C-8585-C8151DEC2B75}} fFlags=0x8001 cbRecv=325632 cbSend=196608 fIgnoreConnectFailure=false
00:00:05.099739 Audio: Initializing DirectSound audio driver
00:00:05.281850 DSound: Output: GUID: {BCDE443C-72BB-421A-AC57-606B6D16C901} [Speakers / Headphones (Realtek Audio)] (Module: {0.0.0.00000000}.{bcde443c-72bb-421a-ac57-606b6d16c901})
00:00:05.503553 DSound: Input: GUID: {6A8E03B1-6AD0-4D70-BD52-833C501C880B} [Microphone Array (Realtek Audio)] (Module: {0.0.1.00000000}.{6a8e03b1-6ad0-4d70-bd52-833c501c880b})
00:00:05.504077 Audio: Initializing VRDE driver
00:00:05.504110 AC97: Reset
00:00:05.504635 VUSB: Attached 'HidMouse' to port 1 on RootHub#0 (FullSpeed)
00:00:05.504824 PGM: The CPU physical address width is 39 bits
00:00:05.504832 PGM: PGMR3InitFinalize: 4 MB PSE mask 0000007fffffffff
00:00:05.504996 TM: TMR3InitFinalize: fTSCModeSwitchAllowed=true 
00:00:05.531553 VMM: Thread-context hooks unavailable
00:00:05.533050 HM: Using VT-x implementation 2.0
00:00:05.533051 HM: Host CR4                        = 0x170678
00:00:05.533053 HM: Host EFER                       = 0xd01
00:00:05.533055 HM: MSR_IA32_SMM_MONITOR_CTL        = 0x0
00:00:05.533055 HM: MSR_IA32_FEATURE_CONTROL        = 0x5
00:00:05.533056 HM: MSR_IA32_VMX_BASIC_INFO         = 0xda040000000004
00:00:05.533057 HM:   VMCS id                         = 0x4
00:00:05.533057 HM:   VMCS size                       = 1024 bytes
00:00:05.533058 HM:   VMCS physical address limit     = None
00:00:05.533059 HM:   VMCS memory type                = 0x6
00:00:05.533059 HM:   Dual-monitor treatment support  = true 
00:00:05.533060 HM:   OUTS & INS instruction-info     = false
00:00:05.533061 HM:   Supports true capability MSRs   = false
00:00:05.533061 HM: Max resume loops                = 1024
00:00:05.533062 HM: MSR_IA32_VMX_PINBASED_CTLS      = 0x7f00000016
00:00:05.533062 HM:   EXT_INT_EXIT
00:00:05.533063 HM:   NMI_EXIT
00:00:05.533063 HM:   VIRTUAL_NMI
00:00:05.533063 HM:   PREEMPT_TIMER
00:00:05.533064 HM:   POSTED_INTR (must be cleared)
00:00:05.533064 HM: MSR_IA32_VMX_PROCBASED_CTLS     = 0xfff9fffe0401e172
00:00:05.533065 HM:   INT_WINDOW_EXIT
00:00:05.533065 HM:   USE_TSC_OFFSETTING
00:00:05.533067 HM:   HLT_EXIT
00:00:05.533067 HM:   INVLPG_EXIT
00:00:05.533068 HM:   MWAIT_EXIT
00:00:05.533068 HM:   RDPMC_EXIT
00:00:05.533068 HM:   RDTSC_EXIT
00:00:05.533068 HM:   CR3_LOAD_EXIT (must be set)
00:00:05.533069 HM:   CR3_STORE_EXIT (must be set)
00:00:05.533069 HM:   CR8_LOAD_EXIT
00:00:05.533069 HM:   CR8_STORE_EXIT
00:00:05.533070 HM:   USE_TPR_SHADOW
00:00:05.533070 HM:   NMI_WINDOW_EXIT
00:00:05.533070 HM:   MOV_DR_EXIT
00:00:05.533071 HM:   UNCOND_IO_EXIT
00:00:05.533071 HM:   USE_IO_BITMAPS
00:00:05.533071 HM:   MONITOR_TRAP_FLAG
00:00:05.533072 HM:   USE_MSR_BITMAPS
00:00:05.533072 HM:   MONITOR_EXIT
00:00:05.533072 HM:   PAUSE_EXIT
00:00:05.533072 HM:   USE_SECONDARY_EXEC_CTRL
00:00:05.533073 HM: MSR_IA32_VMX_PROCBASED_CTLS2    = 0x1ffcff00000000
00:00:05.533074 HM:   VIRT_APIC
00:00:05.533074 HM:   EPT
00:00:05.533074 HM:   DESCRIPTOR_TABLE_EXIT
00:00:05.533074 HM:   RDTSCP
00:00:05.533075 HM:   VIRT_X2APIC
00:00:05.533075 HM:   VPID
00:00:05.533075 HM:   WBINVD_EXIT
00:00:05.533076 HM:   UNRESTRICTED_GUEST
00:00:05.533076 HM:   APIC_REG_VIRT (must be cleared)
00:00:05.533076 HM:   VIRT_INTR_DELIVERY (must be cleared)
00:00:05.533077 HM:   PAUSE_LOOP_EXIT
00:00:05.533077 HM:   RDRAND_EXIT
00:00:05.533079 HM:   INVPCID
00:00:05.533079 HM:   VMFUNC
00:00:05.533079 HM:   VMCS_SHADOWING
00:00:05.533079 HM:   ENCLS_EXIT
00:00:05.533080 HM:   RDSEED_EXIT
00:00:05.533080 HM:   PML
00:00:05.533080 HM:   EPT_VE
00:00:05.533081 HM:   CONCEAL_FROM_PT
00:00:05.533081 HM:   XSAVES_XRSTORS
00:00:05.533083 HM:   TSC_SCALING (must be cleared)
00:00:05.533083 HM: MSR_IA32_VMX_ENTRY_CTLS         = 0x3ffff000011ff
00:00:05.533084 HM:   LOAD_DEBUG (must be set)
00:00:05.533084 HM:   IA32E_MODE_GUEST
00:00:05.533085 HM:   ENTRY_SMM
00:00:05.533085 HM:   DEACTIVATE_DUALMON
00:00:05.533085 HM:   LOAD_GUEST_PERF_MSR
00:00:05.533086 HM:   LOAD_GUEST_PAT_MSR
00:00:05.533086 HM:   LOAD_GUEST_EFER_MSR
00:00:05.533086 HM: MSR_IA32_VMX_EXIT_CTLS          = 0x1ffffff00036dff
00:00:05.533087 HM:   SAVE_DEBUG (must be set)
00:00:05.533087 HM:   HOST_ADDR_SPACE_SIZE
00:00:05.533088 HM:   LOAD_PERF_MSR
00:00:05.533088 HM:   ACK_EXT_INT
00:00:05.533088 HM:   SAVE_GUEST_PAT_MSR
00:00:05.533089 HM:   LOAD_HOST_PAT_MSR
00:00:05.533089 HM:   SAVE_GUEST_EFER_MSR
00:00:05.533089 HM:   LOAD_HOST_EFER_MSR
00:00:05.533090 HM:   SAVE_VMX_PREEMPT_TIMER
00:00:05.533090 HM: MSR_IA32_VMX_EPT_VPID_CAP       = 0xf0106334141
00:00:05.533091 HM:   RWX_X_ONLY
00:00:05.533091 HM:   PAGE_WALK_LENGTH_4
00:00:05.533091 HM:   EMT_UC
00:00:05.533091 HM:   EMT_WB
00:00:05.533092 HM:   PDE_2M
00:00:05.533092 HM:   PDPTE_1G
00:00:05.533092 HM:   INVEPT
00:00:05.533093 HM:   EPT_ACCESS_DIRTY
00:00:05.533093 HM:   INVEPT_SINGLE_CONTEXT
00:00:05.533093 HM:   INVEPT_ALL_CONTEXTS
00:00:05.533094 HM:   INVVPID
00:00:05.533094 HM:   INVVPID_INDIV_ADDR
00:00:05.533094 HM:   INVVPID_SINGLE_CONTEXT
00:00:05.533094 HM:   INVVPID_ALL_CONTEXTS
00:00:05.533095 HM:   INVVPID_SINGLE_CONTEXT_RETAIN_GLOBALS
00:00:05.533095 HM: MSR_IA32_VMX_MISC               = 0x7004c1e7
00:00:05.533096 HM:   PREEMPT_TSC_BIT                 = 0x7
00:00:05.533096 HM:   STORE_EFERLMA_VMEXIT            = true 
00:00:05.533097 HM:   ACTIVITY_STATES                 = 0x7
00:00:05.533097 HM:   CR3_TARGET                      = 0x4
00:00:05.533098 HM:   MAX_MSR                         = 512
00:00:05.533098 HM:   RDMSR_SMBASE_MSR_SMM            = true 
00:00:05.533099 HM:   SMM_MONITOR_CTL_B2              = true 
00:00:05.533099 HM:   VMWRITE_VMEXIT_INFO             = true 
00:00:05.533099 HM:   MSEG_ID                         = 0x0
00:00:05.533100 HM: MSR_IA32_VMX_CR0_FIXED0         = 0x80000021
00:00:05.533100 HM: MSR_IA32_VMX_CR0_FIXED1         = 0xffffffff
00:00:05.533101 HM: MSR_IA32_VMX_CR4_FIXED0         = 0x2000
00:00:05.533102 HM: MSR_IA32_VMX_CR4_FIXED1         = 0x3767ff
00:00:05.533102 HM: MSR_IA32_VMX_VMCS_ENUM          = 0x2e
00:00:05.533103 HM:   HIGHEST_INDEX                   = 0x17
00:00:05.533103 HM: MSR_IA32_VMX_VMFUNC             = 0x1
00:00:05.533104 HM:   EPTP_SWITCHING
00:00:05.533104 HM: APIC-access page physaddr       = 0x00000000aa376000
00:00:05.533105 HM: VCPU  0: MSR bitmap physaddr    = 0x00000000aa371000
00:00:05.533106 HM: VCPU  0: VMCS physaddr          = 0x00000000aa375000
00:00:05.533107 HM: VCPU  1: MSR bitmap physaddr    = 0x00000000aa36d000
00:00:05.533107 HM: VCPU  1: VMCS physaddr          = 0x00000000aa36e000
00:00:05.533108 HM: Guest support: 32-bit and 64-bit
00:00:05.533113 HM: Supports VMCS EFER fields       = true 
00:00:05.533114 HM: Enabled VMX
00:00:05.533116 CPUM: SetGuestCpuIdFeature: Enabled SYSENTER/EXIT
00:00:05.533116 CPUM: SetGuestCpuIdFeature: Enabled PAE
00:00:05.533117 CPUM: SetGuestCpuIdFeature: Enabled LONG MODE
00:00:05.533117 CPUM: SetGuestCpuIdFeature: Enabled SYSCALL/RET
00:00:05.533118 CPUM: SetGuestCpuIdFeature: Enabled LAHF/SAHF
00:00:05.533118 CPUM: SetGuestCpuIdFeature: Enabled NX
00:00:05.533119 HM: Enabled nested paging
00:00:05.533119 HM:   EPT flush type                = VMXFLUSHEPT_SINGLE_CONTEXT
00:00:05.533119 HM: Enabled unrestricted guest execution
00:00:05.533120 HM: Enabled large page support
00:00:05.533120 HM: Enabled VPID
00:00:05.533121 HM:   VPID flush type               = VMXFLUSHVPID_SINGLE_CONTEXT
00:00:05.533121 HM: Enabled VMX-preemption timer (cPreemptTimerShift=7)
00:00:05.533122 HM: VT-x/AMD-V init method: LOCAL
00:00:05.533123 VMM: fUsePeriodicPreemptionTimers=false
00:00:05.533172 CPUM: Logical host processors: 4 present, 4 max, 4 online, online mask: 000000000000000f
00:00:05.533174 CPUM: Physical host cores: 2
00:00:05.533174 ************************* CPUID dump ************************
00:00:05.533180          Raw Standard CPUID Leaves
00:00:05.533181      Leaf/sub-leaf  eax      ebx      ecx      edx
00:00:05.533182 Gst: 00000000/0000  00000016 756e6547 6c65746e 49656e69
00:00:05.533184 Hst:                00000016 756e6547 6c65746e 49656e69
00:00:05.533185 Gst: 00000001/0000  000406e3 00020800 d6f82203 178bfbff
00:00:05.533186 Hst:                000406e3 01100800 7ffafbff bfebfbff
00:00:05.533187 Gst: 00000002/0000  76036301 00f0b5ff 00000000 00c30000
00:00:05.533188 Hst:                76036301 00f0b5ff 00000000 00c30000
00:00:05.533189 Gst: 00000003/0000  00000000 00000000 00000000 00000000
00:00:05.533190 Hst:                00000000 00000000 00000000 00000000
00:00:05.533190 Gst: 00000004/0000  04000121 01c0003f 0000003f 00000000
00:00:05.533191 Hst:                1c004121 01c0003f 0000003f 00000000
00:00:05.533192 Gst: 00000004/0001  04000122 01c0003f 0000003f 00000000
00:00:05.533193 Hst:                1c004122 01c0003f 0000003f 00000000
00:00:05.533194 Gst: 00000004/0002  04000143 00c0003f 000003ff 00000000
00:00:05.533195 Hst:                1c004143 00c0003f 000003ff 00000000
00:00:05.533196 Gst: 00000004/0003  04000163 02c0003f 00000fff 00000006
00:00:05.533196 Hst:                1c03c163 02c0003f 00000fff 00000006
00:00:05.533197 Gst: 00000004/0004  04000000 00000000 00000000 00000000
00:00:05.533198 Hst:                00000000 00000000 00000000 00000000
00:00:05.533198 Gst: 00000005/0000  00000000 00000000 00000000 00000000
00:00:05.533199 Hst:                00000040 00000040 00000003 11142120
00:00:05.533200 Gst: 00000006/0000  00000000 00000000 00000000 00000000
00:00:05.533201 Hst:                000027f7 00000002 00000009 00000000
00:00:05.533202 Gst: 00000007/0000  00000000 00842020 00000000 00000000
00:00:05.533202 Hst:                00000000 029c6fbf 00000000 00000000
00:00:05.533203 Gst: 00000007/0001  00000000 00000000 00000000 00000000
00:00:05.533204 Hst:                00000000 00000000 00000000 00000000
00:00:05.533204 Gst: 00000008/0000  00000000 00000000 00000000 00000000
00:00:05.533205 Hst:                00000000 00000000 00000000 00000000
00:00:05.533205 Gst: 00000009/0000  00000000 00000000 00000000 00000000
00:00:05.533206 Hst:                00000000 00000000 00000000 00000000
00:00:05.533207 Gst: 0000000a/0000  00000000 00000000 00000000 00000000
00:00:05.533207 Hst:                07300404 00000000 00000000 00000603
00:00:05.533208 Gst: 0000000b/0000  00000000 00000001 00000100 00000000
00:00:05.533208 Hst:                00000001 00000002 00000100 00000001
00:00:05.533209 Gst: 0000000b/0001  00000001 00000002 00000201 00000000
00:00:05.533210 Hst:                00000004 00000004 00000201 00000001
00:00:05.533210 Gst: 0000000b/0002  00000000 00000000 00000002 00000000
00:00:05.533211 Hst:                00000000 00000000 00000002 00000001
00:00:05.533212 Gst: 0000000c/0000  00000000 00000000 00000000 00000000
00:00:05.533212 Hst:                00000000 00000000 00000000 00000000
00:00:05.533213 Gst: 0000000d/0000  00000007 00000340 00000340 00000000
00:00:05.533214 Hst:                0000001f 00000440 00000440 00000000
00:00:05.533214 Gst: 0000000d/0001  00000000 00000440 00000000 00000000
00:00:05.533215 Hst:                0000000f 00000440 00000100 00000000
00:00:05.533216 Gst: 0000000d/0002  00000100 00000240 00000000 00000000
00:00:05.533216 Hst:                00000100 00000240 00000000 00000000
00:00:05.533217 Gst: 0000000d/0003  00000000 00000000 00000000 00000000
00:00:05.533217 Hst:                00000040 000003c0 00000000 00000000
00:00:05.533218 Gst: 0000000d/0004  00000000 00000000 00000000 00000000
00:00:05.533219 Hst:                00000040 00000400 00000000 00000000
00:00:05.533219 Gst: 0000000d/0005  00000000 00000000 00000000 00000000
00:00:05.533220 Hst:                00000000 00000000 00000000 00000000
00:00:05.533221 Gst: 0000000d/0006  00000000 00000000 00000000 00000000
00:00:05.533221 Hst:                00000000 00000000 00000000 00000000
00:00:05.533222 Gst: 0000000d/0007  00000000 00000000 00000000 00000000
00:00:05.533222 Hst:                00000000 00000000 00000000 00000000
00:00:05.533223 Gst: 0000000d/0008  00000000 00000000 00000000 00000000
00:00:05.533223 Hst:                00000080 00000000 00000001 00000000
00:00:05.533224 Gst: 0000000d/0009  00000000 00000000 00000000 00000000
00:00:05.533225 Hst:                00000000 00000000 00000000 00000000
00:00:05.533244 Gst: 0000000e/0000  00000000 00000000 00000000 00000000
00:00:05.533245 Hst:                00000000 00000000 00000000 00000000
00:00:05.533245 Gst: 0000000f/0000  00000000 00000000 00000000 00000000
00:00:05.533246 Hst:                00000000 00000000 00000000 00000000
00:00:05.533246 Gst: 00000010/0000  00000000 00000000 00000000 00000000
00:00:05.533247 Hst:                00000000 00000000 00000000 00000000
00:00:05.533248 Gst: 00000011/0000  00000000 00000000 00000000 00000000
00:00:05.533248 Hst:                00000000 00000000 00000000 00000000
00:00:05.533249 Gst: 00000012/0000  00000000 00000000 00000000 00000000
00:00:05.533249 Hst:                00000000 00000000 00000000 00000000
00:00:05.533250 Gst: 00000013/0000  00000000 00000000 00000000 00000000
00:00:05.533250 Hst:                00000000 00000000 00000000 00000000
00:00:05.533251 Gst: 00000014/0000  00000000 00000000 00000000 00000000
00:00:05.533252 Hst:                00000001 0000000f 00000007 00000000
00:00:05.533252 Hst: 00000015/0000  00000002 000000d0 00000000 00000000
00:00:05.533253 Hst: 00000016/0000  000009c4 00000bb8 00000064 00000000
00:00:05.533254                                Name: GenuineIntel
00:00:05.533255                            Supports: 0x00000000-0x00000016
00:00:05.533258                              Family:  6 	Extended: 0 	Effective: 6
00:00:05.533259                               Model: 14 	Extended: 4 	Effective: 78
00:00:05.533260                            Stepping: 3
00:00:05.533260                                Type: 0 (primary)
00:00:05.533261                             APIC ID: 0x00
00:00:05.533262                        Logical CPUs: 2
00:00:05.533262                        CLFLUSH Size: 8
00:00:05.533263                            Brand ID: 0x00
00:00:05.533264 Features
00:00:05.533264   Mnemonic - Description                                  = guest (host)
00:00:05.533265   FPU - x87 FPU on Chip                                   = 1 (1)
00:00:05.533266   VME - Virtual 8086 Mode Enhancements                    = 1 (1)
00:00:05.533267   DE - Debugging extensions                               = 1 (1)
00:00:05.533268   PSE - Page Size Extension                               = 1 (1)
00:00:05.533269   TSC - Time Stamp Counter                                = 1 (1)
00:00:05.533270   MSR - Model Specific Registers                          = 1 (1)
00:00:05.533270   PAE - Physical Address Extension                        = 1 (1)
00:00:05.533271   MCE - Machine Check Exception                           = 1 (1)
00:00:05.533272   CX8 - CMPXCHG8B instruction                             = 1 (1)
00:00:05.533273   APIC - APIC On-Chip                                     = 1 (1)
00:00:05.533274   SEP - SYSENTER and SYSEXIT Present                      = 1 (1)
00:00:05.533274   MTRR - Memory Type Range Registers                      = 1 (1)
00:00:05.533275   PGE - PTE Global Bit                                    = 1 (1)
00:00:05.533276   MCA - Machine Check Architecture                        = 1 (1)
00:00:05.533277   CMOV - Conditional Move instructions                    = 1 (1)
00:00:05.533278   PAT - Page Attribute Table                              = 1 (1)
00:00:05.533278   PSE-36 - 36-bit Page Size Extension                     = 1 (1)
00:00:05.533279   PSN - Processor Serial Number                           = 0 (0)
00:00:05.533280   CLFSH - CLFLUSH instruction                             = 1 (1)
00:00:05.533281   DS - Debug Store                                        = 0 (1)
00:00:05.533282   ACPI - Thermal Mon. & Soft. Clock Ctrl.                 = 0 (1)
00:00:05.533282   MMX - Intel MMX Technology                              = 1 (1)
00:00:05.533283   FXSR - FXSAVE and FXRSTOR instructions                  = 1 (1)
00:00:05.533284   SSE - SSE support                                       = 1 (1)
00:00:05.533285   SSE2 - SSE2 support                                     = 1 (1)
00:00:05.533286   SS - Self Snoop                                         = 0 (1)
00:00:05.533286   HTT - Hyper-Threading Technology                        = 1 (1)
00:00:05.533287   TM - Therm. Monitor                                     = 0 (1)
00:00:05.533288   PBE - Pending Break Enabled                             = 0 (1)
00:00:05.533289   SSE3 - SSE3 support                                     = 1 (1)
00:00:05.533290   PCLMUL - PCLMULQDQ support (for AES-GCM)                = 1 (1)
00:00:05.533290   DTES64 - DS Area 64-bit Layout                          = 0 (1)
00:00:05.533291   MONITOR - MONITOR/MWAIT instructions                    = 0 (1)
00:00:05.533292   CPL-DS - CPL Qualified Debug Store                      = 0 (1)
00:00:05.533293   VMX - Virtual Machine Extensions                        = 0 (1)
00:00:05.533293   SMX - Safer Mode Extensions                             = 0 (1)
00:00:05.533294   EST - Enhanced SpeedStep Technology                     = 0 (1)
00:00:05.533295   TM2 - Terminal Monitor 2                                = 0 (1)
00:00:05.533296   SSSE3 - Supplemental Streaming SIMD Extensions 3        = 1 (1)
00:00:05.533296   CNTX-ID - L1 Context ID                                 = 0 (0)
00:00:05.533297   SDBG - Silicon Debug interface                          = 0 (1)
00:00:05.533298   FMA - Fused Multiply Add extensions                     = 0 (1)
00:00:05.533299   CX16 - CMPXCHG16B instruction                           = 1 (1)
00:00:05.533299   TPRUPDATE - xTPR Update Control                         = 0 (1)
00:00:05.533300   PDCM - Perf/Debug Capability MSR                        = 0 (1)
00:00:05.533301   PCID - Process Context Identifiers                      = 0 (1)
00:00:05.533303   DCA - Direct Cache Access                               = 0 (0)
00:00:05.533304   SSE4_1 - SSE4_1 support                                 = 1 (1)
00:00:05.533305   SSE4_2 - SSE4_2 support                                 = 1 (1)
00:00:05.533305   X2APIC - x2APIC support                                 = 1 (1)
00:00:05.533306   MOVBE - MOVBE instruction                               = 1 (1)
00:00:05.533307   POPCNT - POPCNT instruction                             = 1 (1)
00:00:05.533308   TSCDEADL - Time Stamp Counter Deadline                  = 0 (1)
00:00:05.533309   AES - AES instructions                                  = 1 (1)
00:00:05.533309   XSAVE - XSAVE instruction                               = 1 (1)
00:00:05.533310   OSXSAVE - OSXSAVE instruction                           = 0 (1)
00:00:05.533311   AVX - AVX support                                       = 1 (1)
00:00:05.533312   F16C - 16-bit floating point conversion instructions    = 0 (1)
00:00:05.533312   RDRAND - RDRAND instruction                             = 1 (1)
00:00:05.533313   HVP - Hypervisor Present (we're a guest)                = 1 (0)
00:00:05.533314 Structured Extended Feature Flags Enumeration (leaf 7):
00:00:05.533315   Mnemonic - Description                                  = guest (host)
00:00:05.533315   FSGSBASE - RDFSBASE/RDGSBASE/WRFSBASE/WRGSBASE instr.   = 0 (1)
00:00:05.533316   TSCADJUST - Supports MSR_IA32_TSC_ADJUST                = 0 (1)
00:00:05.533316   SGX - Supports Software Guard Extensions                = 0 (1)
00:00:05.533317   BMI1 - Advanced Bit Manipulation extension 1            = 0 (1)
00:00:05.533318   HLE - Hardware Lock Elision                             = 0 (1)
00:00:05.533319   AVX2 - Advanced Vector Extensions 2                     = 1 (1)
00:00:05.533319   FDP_EXCPTN_ONLY - FPU DP only updated on exceptions     = 0 (0)
00:00:05.533320   SMEP - Supervisor Mode Execution Prevention             = 0 (1)
00:00:05.533321   BMI2 - Advanced Bit Manipulation extension 2            = 0 (1)
00:00:05.533321   ERMS - Enhanced REP MOVSB/STOSB instructions            = 0 (1)
00:00:05.533322   INVPCID - INVPCID instruction                           = 0 (1)
00:00:05.533323   RTM - Restricted Transactional Memory                   = 0 (1)
00:00:05.533324   PQM - Platform Quality of Service Monitoring            = 0 (0)
00:00:05.533324   DEPFPU_CS_DS - Deprecates FPU CS, FPU DS values if set  = 1 (1)
00:00:05.533325   MPE - Intel Memory Protection Extensions                = 0 (1)
00:00:05.533326   PQE - Platform Quality of Service Enforcement           = 0 (0)
00:00:05.533326   AVX512F - AVX512 Foundation instructions                = 0 (0)
00:00:05.533327   RDSEED - RDSEED instruction                             = 1 (1)
00:00:05.533328   ADX - ADCX/ADOX instructions                            = 0 (1)
00:00:05.533328   SMAP - Supervisor Mode Access Prevention                = 0 (1)
00:00:05.533329   CLFLUSHOPT - CLFLUSHOPT (Cache Line Flush) instruction  = 1 (1)
00:00:05.533330   INTEL_PT - Intel Processor Trace                        = 0 (1)
00:00:05.533331   AVX512PF - AVX512 Prefetch instructions                 = 0 (0)
00:00:05.533331   AVX512ER - AVX512 Exponential & Reciprocal instructions = 0 (0)
00:00:05.533332   AVX512CD - AVX512 Conflict Detection instructions       = 0 (0)
00:00:05.533333   SHA - Secure Hash Algorithm extensions                  = 0 (0)
00:00:05.533333   PREFETCHWT1 - PREFETCHWT1 instruction                   = 0 (0)
00:00:05.533334   PKU - Protection Key for Usermode pages                 = 0 (0)
00:00:05.533335   OSPKU - CR4.PKU mirror                                  = 0 (0)
00:00:05.533336 Processor Extended State Enumeration (leaf 0xd):
00:00:05.533337    XSAVE area cur/max size by XCR0, guest: 0x340/0x340
00:00:05.533337     XSAVE area cur/max size by XCR0, host: 0x440/0x440
00:00:05.533338                    Valid XCR0 bits, guest: 0x00000000`00000007 ( x87 SSE YMM_Hi128 )
00:00:05.533340                     Valid XCR0 bits, host: 0x00000000`0000001f ( x87 SSE YMM_Hi128 BNDREGS BNDCSR )
00:00:05.533342                     XSAVE features, guest:
00:00:05.533342                      XSAVE features, host: XSAVEOPT XSAVEC XGETBC1 XSAVES
00:00:05.533344       XSAVE area cur size XCR0|XSS, guest: 0x440
00:00:05.533344        XSAVE area cur size XCR0|XSS, host: 0x440
00:00:05.533345                Valid IA32_XSS bits, guest: 0x00000000`00000000
00:00:05.533345                 Valid IA32_XSS bits, host: 0x00000100`00000000 ( 40 )
00:00:05.533347   State #2, guest: off=0x0240, cb=0x0100 IA32_XSS-bit -- YMM_Hi128
00:00:05.533348   State #2, host:  off=0x0240, cb=0x0100 IA32_XSS-bit -- YMM_Hi128
00:00:05.533349   State #3, host:  off=0x03c0, cb=0x0040 IA32_XSS-bit -- BNDREGS
00:00:05.533350   State #4, host:  off=0x0400, cb=0x0040 IA32_XSS-bit -- BNDCSR
00:00:05.533352   State #8, host:  off=0x0000, cb=0x0080 XCR0-bit -- 8
00:00:05.533362          Unknown CPUID Leaves
00:00:05.533362      Leaf/sub-leaf  eax      ebx      ecx      edx
00:00:05.533363 Gst: 00000014/0001  00000000 00000000 00000000 00000000
00:00:05.533364 Hst:                02490002 003f3fff 00000000 00000000
00:00:05.533365 Gst: 00000014/0002  00000000 00000000 00000000 00000000
00:00:05.533365 Hst:                00000000 00000000 00000000 00000000
00:00:05.533366 Gst: 00000015/0000  00000000 00000000 00000000 00000000
00:00:05.533367 Hst:                00000002 000000d0 00000000 00000000
00:00:05.533368 Gst: 00000016/0000  00000000 00000000 00000000 00000000
00:00:05.533368 Hst:                000009c4 00000bb8 00000064 00000000
00:00:05.533369          Raw Hypervisor CPUID Leaves
00:00:05.533370      Leaf/sub-leaf  eax      ebx      ecx      edx
00:00:05.533370 Gst: 40000000/0000  40000001 4b4d564b 564b4d56 0000004d
00:00:05.533372 Hst:                000009c4 00000bb8 00000064 00000000
00:00:05.533373 Gst: 40000001/0000  01000089 00000000 00000000 00000000
00:00:05.533373 Hst:                000009c4 00000bb8 00000064 00000000
00:00:05.533376          Raw Extended CPUID Leaves
00:00:05.533376      Leaf/sub-leaf  eax      ebx      ecx      edx
00:00:05.533376 Gst: 80000000/0000  80000008 00000000 00000000 00000000
00:00:05.533377 Hst:                80000008 00000000 00000000 00000000
00:00:05.533378 Gst: 80000001/0000  00000000 00000000 00000121 28100800
00:00:05.533379 Hst:                00000000 00000000 00000121 2c100800
00:00:05.533380 Gst: 80000002/0000  65746e49 2952286c 726f4320 4d542865
00:00:05.533381 Hst:                65746e49 2952286c 726f4320 4d542865
00:00:05.533382 Gst: 80000003/0000  35692029 3033362d 43205530 40205550
00:00:05.533383 Hst:                35692029 3033362d 43205530 40205550
00:00:05.533385 Gst: 80000004/0000  342e3220 7a484730 00000000 00000000
00:00:05.533385 Hst:                342e3220 7a484730 00000000 00000000
00:00:05.533386 Gst: 80000005/0000  00000000 00000000 00000000 00000000
00:00:05.533387 Hst:                00000000 00000000 00000000 00000000
00:00:05.533387 Gst: 80000006/0000  00000000 00000000 01006040 00000000
00:00:05.533388 Hst:                00000000 00000000 01006040 00000000
00:00:05.533389 Gst: 80000007/0000  00000000 00000000 00000000 00000100
00:00:05.533390 Hst:                00000000 00000000 00000000 00000100
00:00:05.533390 Gst: 80000008/0000  00003027 00000000 00000000 00000000
00:00:05.533391 Hst:                00003027 00000000 00000000 00000000
00:00:05.533392 Ext Name:                        
00:00:05.533392 Ext Supports:                    0x80000000-0x80000008
00:00:05.533393 Family:                          0  	Extended: 0 	Effective: 0
00:00:05.533394 Model:                           0  	Extended: 0 	Effective: 0
00:00:05.533394 Stepping:                        0
00:00:05.533394 Brand ID:                        0x000
00:00:05.533395 Ext Features
00:00:05.533395   Mnemonic - Description                                  = guest (host)
00:00:05.533396   FPU - x87 FPU on Chip                                   = 0 (0)
00:00:05.533397   VME - Virtual 8086 Mode Enhancements                    = 0 (0)
00:00:05.533397   DE - Debugging extensions                               = 0 (0)
00:00:05.533398   PSE - Page Size Extension                               = 0 (0)
00:00:05.533399   TSC - Time Stamp Counter                                = 0 (0)
00:00:05.533400   MSR - K86 Model Specific Registers                      = 0 (0)
00:00:05.533401   PAE - Physical Address Extension                        = 0 (0)
00:00:05.533401   MCE - Machine Check Exception                           = 0 (0)
00:00:05.533402   CX8 - CMPXCHG8B instruction                             = 0 (0)
00:00:05.533403   APIC - APIC On-Chip                                     = 0 (0)
00:00:05.533404   SEP - SYSCALL/SYSRET                                    = 1 (1)
00:00:05.533405   MTRR - Memory Type Range Registers                      = 0 (0)
00:00:05.533405   PGE - PTE Global Bit                                    = 0 (0)
00:00:05.533406   MCA - Machine Check Architecture                        = 0 (0)
00:00:05.533407   CMOV - Conditional Move instructions                    = 0 (0)
00:00:05.533407   PAT - Page Attribute Table                              = 0 (0)
00:00:05.533408   PSE-36 - 36-bit Page Size Extension                     = 0 (0)
00:00:05.533409   NX - No-Execute/Execute-Disable                         = 1 (1)
00:00:05.533410   AXMMX - AMD Extensions to MMX instructions              = 0 (0)
00:00:05.533410   MMX - Intel MMX Technology                              = 0 (0)
00:00:05.533411   FXSR - FXSAVE and FXRSTOR Instructions                  = 0 (0)
00:00:05.533412   FFXSR - AMD fast FXSAVE and FXRSTOR instructions        = 0 (0)
00:00:05.533413   Page1GB - 1 GB large page                               = 0 (1)
00:00:05.533413   RDTSCP - RDTSCP instruction                             = 1 (1)
00:00:05.533414   LM - AMD64 Long Mode                                    = 1 (1)
00:00:05.533415   3DNOWEXT - AMD Extensions to 3DNow                      = 0 (0)
00:00:05.533416   3DNOW - AMD 3DNow                                       = 0 (0)
00:00:05.533417   LahfSahf - LAHF/SAHF support in 64-bit mode             = 1 (1)
00:00:05.533417   CmpLegacy - Core multi-processing legacy mode           = 0 (0)
00:00:05.533418   SVM - AMD Secure Virtual Machine extensions             = 0 (0)
00:00:05.533419   EXTAPIC - AMD Extended APIC registers                   = 0 (0)
00:00:05.533419   CR8L - AMD LOCK MOV CR0 means MOV CR8                   = 0 (0)
00:00:05.533420   ABM - AMD Advanced Bit Manipulation                     = 1 (1)
00:00:05.533421   SSE4A - SSE4A instructions                              = 0 (0)
00:00:05.533421   MISALIGNSSE - AMD Misaligned SSE mode                   = 0 (0)
00:00:05.533422   3DNOWPRF - AMD PREFETCH and PREFETCHW instructions      = 1 (1)
00:00:05.533423   OSVW - AMD OS Visible Workaround                        = 0 (0)
00:00:05.533424   IBS - Instruct Based Sampling                           = 0 (0)
00:00:05.533424   XOP - Extended Operation support                        = 0 (0)
00:00:05.533425   SKINIT - SKINIT, STGI, and DEV support                  = 0 (0)
00:00:05.533426   WDT - AMD Watchdog Timer support                        = 0 (0)
00:00:05.533426   LWP - Lightweight Profiling support                     = 0 (0)
00:00:05.533427   FMA4 - Four operand FMA instruction support             = 0 (0)
00:00:05.533428   NodeId - NodeId in MSR C001_100C                        = 0 (0)
00:00:05.533429   TBM - Trailing Bit Manipulation instructions            = 0 (0)
00:00:05.533429   TOPOEXT - Topology Extensions                           = 0 (0)
00:00:05.533430 Full Name:                       "Intel(R) Core(TM) i5-6300U CPU @ 2.40GHz"
00:00:05.533431 TLB 2/4M Instr/Uni:              res0     0 entries
00:00:05.533433 TLB 2/4M Data:                   res0     0 entries
00:00:05.533434 TLB 4K Instr/Uni:                res0     0 entries
00:00:05.533434 TLB 4K Data:                     res0     0 entries
00:00:05.533435 L1 Instr Cache Line Size:        0 bytes
00:00:05.533435 L1 Instr Cache Lines Per Tag:    0
00:00:05.533435 L1 Instr Cache Associativity:    res0  
00:00:05.533436 L1 Instr Cache Size:             0 KB
00:00:05.533436 L1 Data Cache Line Size:         0 bytes
00:00:05.533436 L1 Data Cache Lines Per Tag:     0
00:00:05.533437 L1 Data Cache Associativity:     res0  
00:00:05.533437 L1 Data Cache Size:              0 KB
00:00:05.533438 L2 TLB 2/4M Instr/Uni:           off       0 entries
00:00:05.533438 L2 TLB 2/4M Data:                off       0 entries
00:00:05.533439 L2 TLB 4K Instr/Uni:             off       0 entries
00:00:05.533439 L2 TLB 4K Data:                  off       0 entries
00:00:05.533440 L2 Cache Line Size:              0 bytes
00:00:05.533440 L2 Cache Lines Per Tag:          0
00:00:05.533440 L2 Cache Associativity:          off   
00:00:05.533441 L2 Cache Size:                   0 KB
00:00:05.533441 APM Features:                    TscInvariant
00:00:05.533442 Host Invariant-TSC support:      true 
00:00:05.533443 Physical Address Width:          39 bits
00:00:05.533443 Virtual Address Width:           48 bits
00:00:05.533443 Guest Physical Address Width:    0 bits
00:00:05.533444 Physical Core Count:             1
00:00:05.533445 
00:00:05.533445 ******************** End of CPUID dump **********************
00:00:05.554458 PcBios: SATA LUN#0 LCHS=1024/255/63
00:00:05.554482 APIC: fPostedIntrsEnabled=false fVirtApicRegsEnabled=false fSupportsTscDeadline=false
00:00:05.554489 TMR3UtcNow: nsNow=1 515 509 717 214 336 700 nsPrev=0 -> cNsDelta=1 515 509 717 214 336 700 (offLag=0 offVirtualSync=0 offVirtualSyncGivenUp=0, NowAgain=1 515 509 717 214 336 700)
00:00:05.554499 VMEmt: Halt method global1 (5)
00:00:05.554588 VMEmt: HaltedGlobal1 config: cNsSpinBlockThresholdCfg=50000
00:00:05.554658 Changing the VM state from 'CREATING' to 'CREATED'
00:00:05.555643 Changing the VM state from 'CREATED' to 'POWERING_ON'
00:00:05.555805 AIOMgr: Endpoints without assigned bandwidth groups:
00:00:05.555817 AIOMgr:     C:\Users\manoj\VirtualBox VMs\ubuntu\ubuntu.vdi
00:00:05.555888 Changing the VM state from 'POWERING_ON' to 'RUNNING'
00:00:05.555923 Console: Machine state changed to 'Running'
00:00:05.568095 VMMDev: Guest Log: BIOS: VirtualBox 5.2.4
00:00:05.568199 PCI: setting up resources and interrupts
00:00:05.569551 PIT: mode=2 count=0x10000 (65536) - 18.20 Hz (ch=0)
00:00:05.570423 ERROR [COM]: aRC=VBOX_E_IPRT_ERROR (0x80bb0005) aIID={76eed314-3c72-4bbb-95cf-5eb4947a4041} aComponent={DisplayWrap} aText={Could not take a screenshot (VERR_NOT_SUPPORTED)}, preserve=false aResultDetail=0
00:00:05.582088 Display::handleDisplayResize: uScreenId=0 pvVRAM=0000000000000000 w=720 h=400 bpp=0 cbLine=0x0 flags=0x0
00:00:05.582194 GUI: UIFrameBufferPrivate::NotifyChange: Screen=0, Origin=0x0, Size=720x400, Sending to async-handler
00:00:05.583147 VMMDev: Guest Log: CPUID EDX: 0x178bfbff
00:00:05.583192 PIIX3 ATA: Ctl#1: RESET, DevSel=0 AIOIf=0 CmdIf0=0x00 (-1 usec ago) CmdIf1=0x00 (-1 usec ago)
00:00:05.583248 PIIX3 ATA: Ctl#1: finished processing RESET
00:00:05.590255 AHCI#0: Reset the HBA
00:00:05.590294 VD#0: Cancelling all active requests
00:00:05.590329 AHCI#0: Port 0 reset
00:00:05.590419 VD#0: Cancelling all active requests
00:00:05.590980 VMMDev: Guest Log: BIOS: AHCI 0-P#0: PCHS=16383/16/63 LCHS=1024/255/63 0x0000000002842100 sectors
00:00:05.591517 PIT: mode=2 count=0x48d3 (18643) - 64.00 Hz (ch=0)
00:00:05.603045 Display::handleDisplayResize: uScreenId=0 pvVRAM=000000000e1a0000 w=640 h=480 bpp=32 cbLine=0xA00 flags=0x0
00:00:05.603712 GUI: UIFrameBufferPrivate::NotifyChange: Screen=0, Origin=0x0, Size=640x480, Sending to async-handler
00:00:06.058996 GUI: UIMachineViewNormal::resendSizeHint: Restoring guest size-hint for screen 0 to 952x976
00:00:06.059118 VMMDev: SetVideoModeHint: Got a video mode hint (952x976x32)@(0x0),(1;0) at 0
00:00:06.059237 GUI: UIMachineView::sltHandleNotifyChange: Screen=0, Size=720x400
00:00:06.059258 GUI: UIFrameBufferPrivate::handleNotifyChange: Size=720x400
00:00:06.059276 GUI: UIFrameBufferPrivate::performResize: Size=720x400, Directly using source bitmap content
00:00:06.060118 GUI: UIMachineView::sltHandleNotifyChange: Screen=0, Size=640x480
00:00:06.060151 GUI: UIFrameBufferPrivate::handleNotifyChange: Size=640x480
00:00:06.065567 GUI: 2D video acceleration is disabled
00:00:06.065642 GUI: HID LEDs sync is enabled
00:00:06.094367 GUI: UIMachineLogicNormal::sltCheckForRequestedVisualStateType: Requested-state=0, Machine-state=5
00:00:08.093355 PIT: mode=2 count=0x10000 (65536) - 18.20 Hz (ch=0)
00:00:08.093429 Display::handleDisplayResize: uScreenId=0 pvVRAM=0000000000000000 w=720 h=400 bpp=0 cbLine=0x0 flags=0x0
00:00:08.093514 GUI: UIFrameBufferPrivate::NotifyChange: Screen=0, Origin=0x0, Size=720x400, Sending to async-handler
00:00:08.093592 GUI: UIMachineView::sltHandleNotifyChange: Screen=0, Size=720x400
00:00:08.093608 GUI: UIFrameBufferPrivate::handleNotifyChange: Size=720x400
00:00:08.093641 GUI: UIFrameBufferPrivate::performResize: Size=720x400, Directly using source bitmap content
00:00:08.093697 VMMDev: Guest Log: BIOS: Boot : bseqnr=1, bootseq=0231
00:00:08.094001 VMMDev: Guest Log: BIOS: Boot from Floppy 0 failed
00:00:08.094358 VMMDev: Guest Log: BIOS: Boot : bseqnr=2, bootseq=0023
00:00:08.094919 VMMDev: Guest Log: BIOS: CDROM boot failure code : 0003
00:00:08.095166 VMMDev: Guest Log: BIOS: Boot from CD-ROM failed
00:00:08.095503 VMMDev: Guest Log: BIOS: Boot : bseqnr=3, bootseq=0002
00:00:08.100591 VMMDev: Guest Log: BIOS: Booting from Hard Disk...
00:00:08.607952 Display::handleDisplayResize: uScreenId=0 pvVRAM=000000000e1a0000 w=640 h=480 bpp=32 cbLine=0xA00 flags=0x0
00:00:08.608020 GUI: UIFrameBufferPrivate::NotifyChange: Screen=0, Origin=0x0, Size=640x480, Sending to async-handler
00:00:08.608077 GUI: UIMachineView::sltHandleNotifyChange: Screen=0, Size=640x480
00:00:08.608090 GUI: UIFrameBufferPrivate::handleNotifyChange: Size=640x480
00:00:08.608353 GUI: UIFrameBufferPrivate::performResize: Size=640x480, Directly using source bitmap content
00:00:08.650831 Display::handleDisplayResize: uScreenId=0 pvVRAM=000000000e2cc000 w=640 h=480 bpp=32 cbLine=0xA00 flags=0x0
00:00:08.650895 GUI: UIFrameBufferPrivate::NotifyChange: Screen=0, Origin=0x0, Size=640x480, Sending to async-handler
00:00:08.650998 GUI: UIMachineView::sltHandleNotifyChange: Screen=0, Size=640x480
00:00:08.651011 GUI: UIFrameBufferPrivate::handleNotifyChange: Size=640x480
00:00:08.651028 GUI: UIFrameBufferPrivate::performResize: Size=640x480, Directly using source bitmap content
00:00:09.704700 Display::handleDisplayResize: uScreenId=0 pvVRAM=0000000000000000 w=720 h=400 bpp=0 cbLine=0x0 flags=0x0
00:00:09.704761 GUI: UIFrameBufferPrivate::NotifyChange: Screen=0, Origin=0x0, Size=720x400, Sending to async-handler
00:00:09.704805 GUI: UIMachineView::sltHandleNotifyChange: Screen=0, Size=720x400
00:00:09.704818 GUI: UIFrameBufferPrivate::handleNotifyChange: Size=720x400
00:00:09.704849 GUI: UIFrameBufferPrivate::performResize: Size=720x400, Directly using source bitmap content
00:00:09.939291 GIM: KVM: VCPU  0: Enabled system-time struct. at 0x0000000299950000 - u32TscScale=0xcd20d289 i8TscShift=-1 uVersion=2 fFlags=0x1 uTsc=0x28bfd8e51 uVirtNanoTS=0x10536d269
00:00:09.939384 TM: Switching TSC mode from 'VirtTscEmulated' to 'RealTscOffset'
00:00:10.219662 GIM: KVM: Enabled wall-clock struct. at 0x0000000150624e88 - u32Sec=1515509721 u32Nano=879966300 uVersion=2
00:00:10.239611 PIT: mode=2 count=0x12a5 (4773) - 249.98 Hz (ch=0)
00:00:10.275670 APIC0: Switched mode to x2APIC
00:00:10.384672 PIT: mode=0 count=0x10000 (65536) - 18.20 Hz (ch=0)
00:00:10.385602 APIC1: Switched mode to x2APIC
00:00:10.385637 GIM: KVM: VCPU  1: Enabled system-time struct. at 0x0000000299950040 - u32TscScale=0xcd20d289 i8TscShift=-1 uVersion=2 fFlags=0x1 uTsc=0x28bfd8e51 uVirtNanoTS=0x10536d269
00:00:10.614929 OHCI: Software reset
00:00:11.215172 PIIX3 ATA: Ctl#0: RESET, DevSel=0 AIOIf=0 CmdIf0=0x00 (-1 usec ago) CmdIf1=0x00 (-1 usec ago)
00:00:11.215234 PIIX3 ATA: Ctl#0: finished processing RESET
00:00:11.215429 PIIX3 ATA: Ctl#1: RESET, DevSel=0 AIOIf=0 CmdIf0=0xa0 (-1 usec ago) CmdIf1=0x00 (-1 usec ago)
00:00:11.215472 PIIX3 ATA: Ctl#1: finished processing RESET
00:00:11.216080 OHCI: USB Reset
00:00:11.274412 OHCI: Software reset
00:00:11.275030 OHCI: USB Operational
00:00:11.825106 AHCI#0: Reset the HBA
00:00:11.825129 VD#0: Cancelling all active requests
00:00:11.826405 AHCI#0: Port 0 reset
00:00:11.827967 VD#0: Cancelling all active requests
00:00:14.930582 AIOMgr: Async flushes not supported
00:00:19.233202 VMMDev: Guest Additions information report: Version 5.2.1 r118430 '5.2.1'
00:00:19.233255 VMMDev: Guest Additions information report: Interface = 0x00010004 osType = 0x00053100 (Linux >= 2.6, 64-bit)
00:00:19.233363 VMMDev: Guest Additions capability report: (0x0 -> 0x0) seamless: no, hostWindowMapping: no, graphics: no
00:00:19.233442 GUI: UISession::sltAdditionsChange: GA state change event came, notifying listeners.
00:00:19.233456 GUI: UIMachineLogicNormal::sltCheckForRequestedVisualStateType: Requested-state=0, Machine-state=5
00:00:19.233507 GUI: UISession::sltAdditionsChange: GA state change event came, notifying listeners.
00:00:19.233515 GUI: UIMachineLogicNormal::sltCheckForRequestedVisualStateType: Requested-state=0, Machine-state=5
00:00:19.233594 VMMDev: Guest reported fixed hypervisor window at 000c2c00000 LB 0x3400000 (rc=VINF_SUCCESS)
00:00:19.233620 VMMDev: vmmDevReqHandler_HeartbeatConfigure: No change (fHeartbeatActive=false).
00:00:19.233639 VMMDev: Heartbeat flatline timer set to trigger after 4 000 000 000 ns
00:00:19.233680 VMMDev: Guest Log: vgdrvHeartbeatInit: Setting up heartbeat to trigger every 2000 milliseconds
00:00:19.233789 GUI: UISession::sltAdditionsChange: GA state really changed, notifying listeners.
00:00:19.233807 GUI: UIMachineViewNormal::adjustGuestScreenSize: Adjust guest-screen size if necessary.
00:00:19.233816 GUI: UISession::sltAdditionsChange: GA state change event came, notifying listeners.
00:00:19.233823 GUI: UIMachineLogicNormal::sltCheckForRequestedVisualStateType: Requested-state=0, Machine-state=5
00:00:19.234136 VMMDev: Guest Log: vboxguest: misc device minor 55, IRQ 20, I/O port d020, MMIO at 00000000f0400000 (size 0x400000)
00:00:19.841069 VBVA: InfoScreen: [0] @0,0 800x600, line 0xc80, BPP 32, flags 0x1
00:00:19.841097 Display::handleDisplayResize: uScreenId=0 pvVRAM=000000000e1a0000 w=800 h=600 bpp=32 cbLine=0xC80 flags=0x1
00:00:19.841135 GUI: UIFrameBufferPrivate::NotifyChange: Screen=0, Origin=0x0, Size=800x600, Sending to async-handler
00:00:19.841215 GUI: UIMachineView::sltHandleNotifyChange: Screen=0, Size=800x600
00:00:19.841232 GUI: UIFrameBufferPrivate::handleNotifyChange: Size=800x600
00:00:19.841423 GUI: UIFrameBufferPrivate::performResize: Size=800x600, Directly using source bitmap content
00:00:20.450692 AC97: Reset
00:00:20.451037 AC97: Reset
00:00:20.485978 DSound: Output: GUID: {BCDE443C-72BB-421A-AC57-606B6D16C901} [Speakers / Headphones (Realtek Audio)] (Module: {0.0.0.00000000}.{bcde443c-72bb-421a-ac57-606b6d16c901})
00:00:20.486230 DSound: Input: GUID: {6A8E03B1-6AD0-4D70-BD52-833C501C880B} [Microphone Array (Realtek Audio)] (Module: {0.0.1.00000000}.{6a8e03b1-6ad0-4d70-bd52-833c501c880b})
00:00:20.486810 DSound: Guest source 'Line In' is using host recording device with GUID '{6A8E03B1-6AD0-4D70-BD52-833C501C880B}'
00:00:20.675347 DSound: Output: GUID: {BCDE443C-72BB-421A-AC57-606B6D16C901} [Speakers / Headphones (Realtek Audio)] (Module: {0.0.0.00000000}.{bcde443c-72bb-421a-ac57-606b6d16c901})
00:00:20.675612 DSound: Input: GUID: {6A8E03B1-6AD0-4D70-BD52-833C501C880B} [Microphone Array (Realtek Audio)] (Module: {0.0.1.00000000}.{6a8e03b1-6ad0-4d70-bd52-833c501c880b})
00:00:20.724895 DSound: Output: GUID: {BCDE443C-72BB-421A-AC57-606B6D16C901} [Speakers / Headphones (Realtek Audio)] (Module: {0.0.0.00000000}.{bcde443c-72bb-421a-ac57-606b6d16c901})
00:00:20.725318 DSound: Input: GUID: {6A8E03B1-6AD0-4D70-BD52-833C501C880B} [Microphone Array (Realtek Audio)] (Module: {0.0.1.00000000}.{6a8e03b1-6ad0-4d70-bd52-833c501c880b})
00:00:20.775061 DSound: Output: GUID: {BCDE443C-72BB-421A-AC57-606B6D16C901} [Speakers / Headphones (Realtek Audio)] (Module: {0.0.0.00000000}.{bcde443c-72bb-421a-ac57-606b6d16c901})
00:00:20.775313 DSound: Input: GUID: {6A8E03B1-6AD0-4D70-BD52-833C501C880B} [Microphone Array (Realtek Audio)] (Module: {0.0.1.00000000}.{6a8e03b1-6ad0-4d70-bd52-833c501c880b})
00:00:20.820082 DSound: Output: GUID: {BCDE443C-72BB-421A-AC57-606B6D16C901} [Speakers / Headphones (Realtek Audio)] (Module: {0.0.0.00000000}.{bcde443c-72bb-421a-ac57-606b6d16c901})
00:00:20.820428 DSound: Input: GUID: {6A8E03B1-6AD0-4D70-BD52-833C501C880B} [Microphone Array (Realtek Audio)] (Module: {0.0.1.00000000}.{6a8e03b1-6ad0-4d70-bd52-833c501c880b})
00:00:20.865233 DSound: Output: GUID: {BCDE443C-72BB-421A-AC57-606B6D16C901} [Speakers / Headphones (Realtek Audio)] (Module: {0.0.0.00000000}.{bcde443c-72bb-421a-ac57-606b6d16c901})
00:00:20.865492 DSound: Input: GUID: {6A8E03B1-6AD0-4D70-BD52-833C501C880B} [Microphone Array (Realtek Audio)] (Module: {0.0.1.00000000}.{6a8e03b1-6ad0-4d70-bd52-833c501c880b})
00:00:20.910751 DSound: Output: GUID: {BCDE443C-72BB-421A-AC57-606B6D16C901} [Speakers / Headphones (Realtek Audio)] (Module: {0.0.0.00000000}.{bcde443c-72bb-421a-ac57-606b6d16c901})
00:00:20.911017 DSound: Input: GUID: {6A8E03B1-6AD0-4D70-BD52-833C501C880B} [Microphone Array (Realtek Audio)] (Module: {0.0.1.00000000}.{6a8e03b1-6ad0-4d70-bd52-833c501c880b})
00:00:20.958117 DSound: Output: GUID: {BCDE443C-72BB-421A-AC57-606B6D16C901} [Speakers / Headphones (Realtek Audio)] (Module: {0.0.0.00000000}.{bcde443c-72bb-421a-ac57-606b6d16c901})
00:00:20.958480 DSound: Input: GUID: {6A8E03B1-6AD0-4D70-BD52-833C501C880B} [Microphone Array (Realtek Audio)] (Module: {0.0.1.00000000}.{6a8e03b1-6ad0-4d70-bd52-833c501c880b})
00:00:21.002662 DSound: Output: GUID: {BCDE443C-72BB-421A-AC57-606B6D16C901} [Speakers / Headphones (Realtek Audio)] (Module: {0.0.0.00000000}.{bcde443c-72bb-421a-ac57-606b6d16c901})
00:00:21.002965 DSound: Input: GUID: {6A8E03B1-6AD0-4D70-BD52-833C501C880B} [Microphone Array (Realtek Audio)] (Module: {0.0.1.00000000}.{6a8e03b1-6ad0-4d70-bd52-833c501c880b})
00:00:21.046227 DSound: Output: GUID: {BCDE443C-72BB-421A-AC57-606B6D16C901} [Speakers / Headphones (Realtek Audio)] (Module: {0.0.0.00000000}.{bcde443c-72bb-421a-ac57-606b6d16c901})
00:00:21.046522 DSound: Input: GUID: {6A8E03B1-6AD0-4D70-BD52-833C501C880B} [Microphone Array (Realtek Audio)] (Module: {0.0.1.00000000}.{6a8e03b1-6ad0-4d70-bd52-833c501c880b})
00:00:21.046548 DSound: Creating capture buffer failed with ERROR_BAD_ENVIRONMENT 0x8878000A
00:00:21.047103 DSound: Output: GUID: {BCDE443C-72BB-421A-AC57-606B6D16C901} [Speakers / Headphones (Realtek Audio)] (Module: {0.0.0.00000000}.{bcde443c-72bb-421a-ac57-606b6d16c901})
00:00:21.047426 DSound: Input: GUID: {6A8E03B1-6AD0-4D70-BD52-833C501C880B} [Microphone Array (Realtek Audio)] (Module: {0.0.1.00000000}.{6a8e03b1-6ad0-4d70-bd52-833c501c880b})
00:00:21.047450 DSound: Creating capture buffer failed with ERROR_BAD_ENVIRONMENT 0x8878000A
00:00:21.047925 DSound: Output: GUID: {BCDE443C-72BB-421A-AC57-606B6D16C901} [Speakers / Headphones (Realtek Audio)] (Module: {0.0.0.00000000}.{bcde443c-72bb-421a-ac57-606b6d16c901})
00:00:21.048169 DSound: Input: GUID: {6A8E03B1-6AD0-4D70-BD52-833C501C880B} [Microphone Array (Realtek Audio)] (Module: {0.0.1.00000000}.{6a8e03b1-6ad0-4d70-bd52-833c501c880b})
00:00:21.048190 DSound: Creating capture buffer failed with ERROR_BAD_ENVIRONMENT 0x8878000A
00:00:21.048557 DSound: Output: GUID: {BCDE443C-72BB-421A-AC57-606B6D16C901} [Speakers / Headphones (Realtek Audio)] (Module: {0.0.0.00000000}.{bcde443c-72bb-421a-ac57-606b6d16c901})
00:00:21.048847 DSound: Input: GUID: {6A8E03B1-6AD0-4D70-BD52-833C501C880B} [Microphone Array (Realtek Audio)] (Module: {0.0.1.00000000}.{6a8e03b1-6ad0-4d70-bd52-833c501c880b})
00:00:21.048869 DSound: Creating capture buffer failed with ERROR_BAD_ENVIRONMENT 0x8878000A
00:00:21.049216 DSound: Output: GUID: {BCDE443C-72BB-421A-AC57-606B6D16C901} [Speakers / Headphones (Realtek Audio)] (Module: {0.0.0.00000000}.{bcde443c-72bb-421a-ac57-606b6d16c901})
00:00:21.049455 DSound: Input: GUID: {6A8E03B1-6AD0-4D70-BD52-833C501C880B} [Microphone Array (Realtek Audio)] (Module: {0.0.1.00000000}.{6a8e03b1-6ad0-4d70-bd52-833c501c880b})
00:00:21.049473 DSound: Creating capture buffer failed with ERROR_BAD_ENVIRONMENT 0x8878000A
00:00:21.049839 DSound: Output: GUID: {BCDE443C-72BB-421A-AC57-606B6D16C901} [Speakers / Headphones (Realtek Audio)] (Module: {0.0.0.00000000}.{bcde443c-72bb-421a-ac57-606b6d16c901})
00:00:21.050065 DSound: Input: GUID: {6A8E03B1-6AD0-4D70-BD52-833C501C880B} [Microphone Array (Realtek Audio)] (Module: {0.0.1.00000000}.{6a8e03b1-6ad0-4d70-bd52-833c501c880b})
00:00:21.050083 DSound: Creating capture buffer failed with ERROR_BAD_ENVIRONMENT 0x8878000A
00:00:21.050436 DSound: Output: GUID: {BCDE443C-72BB-421A-AC57-606B6D16C901} [Speakers / Headphones (Realtek Audio)] (Module: {0.0.0.00000000}.{bcde443c-72bb-421a-ac57-606b6d16c901})
00:00:21.050668 DSound: Input: GUID: {6A8E03B1-6AD0-4D70-BD52-833C501C880B} [Microphone Array (Realtek Audio)] (Module: {0.0.1.00000000}.{6a8e03b1-6ad0-4d70-bd52-833c501c880b})
00:00:21.050686 DSound: Creating capture buffer failed with ERROR_BAD_ENVIRONMENT 0x8878000A
00:00:21.051074 DSound: Output: GUID: {BCDE443C-72BB-421A-AC57-606B6D16C901} [Speakers / Headphones (Realtek Audio)] (Module: {0.0.0.00000000}.{bcde443c-72bb-421a-ac57-606b6d16c901})
00:00:21.051297 DSound: Input: GUID: {6A8E03B1-6AD0-4D70-BD52-833C501C880B} [Microphone Array (Realtek Audio)] (Module: {0.0.1.00000000}.{6a8e03b1-6ad0-4d70-bd52-833c501c880b})
00:00:21.051316 DSound: Creating capture buffer failed with ERROR_BAD_ENVIRONMENT 0x8878000A
00:00:21.051663 DSound: Output: GUID: {BCDE443C-72BB-421A-AC57-606B6D16C901} [Speakers / Headphones (Realtek Audio)] (Module: {0.0.0.00000000}.{bcde443c-72bb-421a-ac57-606b6d16c901})
00:00:21.051888 DSound: Input: GUID: {6A8E03B1-6AD0-4D70-BD52-833C501C880B} [Microphone Array (Realtek Audio)] (Module: {0.0.1.00000000}.{6a8e03b1-6ad0-4d70-bd52-833c501c880b})
00:00:21.795263 Display::handleDisplayResize: uScreenId=0 pvVRAM=000000000e1a0000 w=800 h=600 bpp=32 cbLine=0xC80 flags=0x0
00:00:21.795368 GUI: UIFrameBufferPrivate::NotifyChange: Screen=0, Origin=0x0, Size=800x600, Sending to async-handler
00:00:21.795537 GUI: UIMachineView::sltHandleNotifyChange: Screen=0, Size=800x600
00:00:21.795572 GUI: UIFrameBufferPrivate::handleNotifyChange: Size=800x600
00:00:21.795624 GUI: UIFrameBufferPrivate::performResize: Size=800x600, Directly using source bitmap content
00:00:23.928927 VBVA: InfoScreen: [0] @0,0 800x600, line 0xc80, BPP 32, flags 0x1
00:00:23.929026 Display::handleDisplayResize: uScreenId=0 pvVRAM=000000000e1a0000 w=800 h=600 bpp=32 cbLine=0xC80 flags=0x1
00:00:23.929169 GUI: UIFrameBufferPrivate::NotifyChange: Screen=0, Origin=0x0, Size=800x600, Sending to async-handler
00:00:23.929374 GUI: UIMachineView::sltHandleNotifyChange: Screen=0, Size=800x600
00:00:23.929428 GUI: UIFrameBufferPrivate::handleNotifyChange: Size=800x600
00:00:23.929514 GUI: UIFrameBufferPrivate::performResize: Size=800x600, Directly using source bitmap content
00:00:28.626073 VMMDev: Guest Additions capability report: (0x0 -> 0x0) seamless: no, hostWindowMapping: no, graphics: no
00:00:28.626214 GUI: UISession::sltAdditionsChange: GA state change event came, notifying listeners.
00:00:28.626238 GUI: UIMachineLogicNormal::sltCheckForRequestedVisualStateType: Requested-state=0, Machine-state=5
00:00:31.538766 VBVA: InfoScreen: [0] @0,0 800x600, line 0xc80, BPP 32, flags 0x1
00:00:31.538813 Display::handleDisplayResize: uScreenId=0 pvVRAM=000000000e1a0000 w=800 h=600 bpp=32 cbLine=0xC80 flags=0x1
00:00:31.538902 GUI: UIFrameBufferPrivate::NotifyChange: Screen=0, Origin=0x0, Size=800x600, Sending to async-handler
00:00:31.539024 GUI: UIMachineView::sltHandleNotifyChange: Screen=0, Size=800x600
00:00:31.539049 GUI: UIFrameBufferPrivate::handleNotifyChange: Size=800x600
00:00:31.539082 GUI: UIFrameBufferPrivate::performResize: Size=800x600, Directly using source bitmap content
00:00:31.693076 VMMDev: Guest Log: VBoxService 5.2.1 r118430 (verbosity: 0) linux.amd64 (Oct 17 2017 21:57:50) release log
00:00:31.693127 VMMDev: Guest Log: 00:00:00.000213 main     Log opened 2018-01-09T14:55:41.864710000Z
00:00:31.693250 VMMDev: Guest Log: 00:00:00.000422 main     OS Product: Linux
00:00:31.693326 VMMDev: Guest Log: 00:00:00.000505 main     OS Release: 4.10.0-40-generic
00:00:31.693395 VMMDev: Guest Log: 00:00:00.000574 main     OS Version: #44~16.04.1-Ubuntu SMP Thu Nov 9 15:37:44 UTC 2017
00:00:31.693466 VMMDev: Guest Log: 00:00:00.000641 main     Executable: /opt/VBoxGuestAdditions-5.2.1/sbin/VBoxService
00:00:31.693482 VMMDev: Guest Log: 00:00:00.000644 main     Process ID: 890
00:00:31.693494 VMMDev: Guest Log: 00:00:00.000646 main     Package type: LINUX_64BITS_GENERIC
00:00:31.698439 VMMDev: Guest Log: 00:00:00.005602 main     5.2.1 r118430 started. Verbose level = 0
00:00:31.699854 GUI: UISession::sltAdditionsChange: GA state change event came, notifying listeners.
00:00:31.699912 GUI: UIMachineLogicNormal::sltCheckForRequestedVisualStateType: Requested-state=0, Machine-state=5
00:00:31.706224 GUI: UISession::sltAdditionsChange: GA state really changed, notifying listeners.
00:00:31.706289 GUI: UIMachineViewNormal::adjustGuestScreenSize: Adjust guest-screen size if necessary.
00:00:31.706313 GUI: UISession::sltAdditionsChange: GA state change event came, notifying listeners.
00:00:31.706331 GUI: UIMachineLogicNormal::sltCheckForRequestedVisualStateType: Requested-state=0, Machine-state=5
00:00:34.713358 GUI: UISession::sltAdditionsChange: GA state really changed, notifying listeners.
00:00:34.713396 GUI: UIMachineViewNormal::adjustGuestScreenSize: Adjust guest-screen size if necessary.
00:00:34.713405 GUI: UISession::sltAdditionsChange: GA state change event came, notifying listeners.
00:00:34.713412 GUI: UIMachineLogicNormal::sltCheckForRequestedVisualStateType: Requested-state=0, Machine-state=5
00:00:35.252130 VBVA: InfoScreen: [0] @0,0 952x976, line 0xee0, BPP 32, flags 0x1
00:00:35.252183 Display::handleDisplayResize: uScreenId=0 pvVRAM=000000000e1a0000 w=952 h=976 bpp=32 cbLine=0xEE0 flags=0x1
00:00:35.252720 GUI: UIFrameBufferPrivate::NotifyChange: Screen=0, Origin=0x0, Size=952x976, Sending to async-handler
00:00:35.253501 GUI: UIMachineView::sltHandleNotifyChange: Screen=0, Size=952x976
00:00:35.253537 GUI: UIFrameBufferPrivate::handleNotifyChange: Size=952x976
00:00:35.253599 GUI: UIFrameBufferPrivate::performResize: Size=952x976, Directly using source bitmap content
00:00:35.260636 GUI: UIMachineView::storeGuestSizeHint: Storing guest-screen size-hint for screen 0 as 952x976
00:00:35.272232 Display::handleDisplayResize: uScreenId=0 pvVRAM=000000000e1a0000 w=952 h=976 bpp=32 cbLine=0xEE0 flags=0x0
00:00:35.272337 GUI: UIFrameBufferPrivate::NotifyChange: Screen=0, Origin=0x0, Size=952x976, Sending to async-handler
00:00:35.279780 GUI: UIMachineView::sltHandleNotifyChange: Screen=0, Size=952x976
00:00:35.279808 GUI: UIFrameBufferPrivate::handleNotifyChange: Size=952x976
00:00:35.279835 GUI: UIFrameBufferPrivate::performResize: Size=952x976, Directly using source bitmap content
00:00:35.279921 GUI: UIMachineView::storeGuestSizeHint: Storing guest-screen size-hint for screen 0 as 952x976
00:00:44.161209 DSound: Output: GUID: {BCDE443C-72BB-421A-AC57-606B6D16C901} [Speakers / Headphones (Realtek Audio)] (Module: {0.0.0.00000000}.{bcde443c-72bb-421a-ac57-606b6d16c901})
00:00:44.162551 DSound: Input: GUID: {6A8E03B1-6AD0-4D70-BD52-833C501C880B} [Microphone Array (Realtek Audio)] (Module: {0.0.1.00000000}.{6a8e03b1-6ad0-4d70-bd52-833c501c880b})
00:00:44.746603 DSound: Output: GUID: {BCDE443C-72BB-421A-AC57-606B6D16C901} [Speakers / Headphones (Realtek Audio)] (Module: {0.0.0.00000000}.{bcde443c-72bb-421a-ac57-606b6d16c901})
00:00:44.746911 DSound: Input: GUID: {6A8E03B1-6AD0-4D70-BD52-833C501C880B} [Microphone Array (Realtek Audio)] (Module: {0.0.1.00000000}.{6a8e03b1-6ad0-4d70-bd52-833c501c880b})
00:01:22.020155 VMMDev: Guest Additions capability report: (0x0 -> 0x1) seamless: yes, hostWindowMapping: no, graphics: no
00:01:22.020304 GUI: UISession::sltAdditionsChange: GA state really changed, notifying listeners.
00:01:22.020335 GUI: UIMachineViewNormal::adjustGuestScreenSize: Adjust guest-screen size if necessary.
00:01:22.020359 GUI: UIMachineView::sltPerformGuestResize: Sending guest size-hint to screen 0 as 952x677 if necessary
00:01:22.020389 VMMDev: SetVideoModeHint: Got a video mode hint (952x677x32)@(0x0),(1;0) at 0
00:01:22.020398 GUI: UISession::sltAdditionsChange: GA state change event came, notifying listeners.
00:01:22.020404 GUI: UIMachineLogicNormal::sltCheckForRequestedVisualStateType: Requested-state=0, Machine-state=5
00:01:22.045642 VBVA: InfoScreen: [0] @0,0 952x976, line 0xee0, BPP 0, flags 0x5
00:01:22.045677 Display::handleDisplayResize: uScreenId=0 pvVRAM=000000000e1a0000 w=952 h=976 bpp=0 cbLine=0xEE0 flags=0x5
00:01:22.045703 GUI: UIFrameBufferPrivate::NotifyChange: Screen=0, Origin=0x0, Size=952x976, Sending to async-handler
00:01:22.045773 GUI: UIMachineView::sltHandleNotifyChange: Screen=0, Size=952x976
00:01:22.045791 GUI: UIFrameBufferPrivate::handleNotifyChange: Size=952x976
00:01:22.045817 GUI: UIFrameBufferPrivate::performResize: Size=952x976, Using fallback buffer since no source bitmap is provided
00:01:22.047168 VBVA: InfoScreen: [0] @0,0 952x677, line 0xee0, BPP 0, flags 0x5
00:01:22.047194 Display::handleDisplayResize: uScreenId=0 pvVRAM=000000000e1a0000 w=952 h=677 bpp=0 cbLine=0xEE0 flags=0x5
00:01:22.047213 GUI: UIFrameBufferPrivate::NotifyChange: Screen=0, Origin=0x0, Size=952x677, Sending to async-handler
00:01:22.047278 VBVA: InfoScreen: [0] @0,0 952x677, line 0xee0, BPP 32, flags 0x1
00:01:22.047285 Display::handleDisplayResize: uScreenId=0 pvVRAM=000000000e1a0000 w=952 h=677 bpp=32 cbLine=0xEE0 flags=0x1
00:01:22.047310 GUI: UIFrameBufferPrivate::NotifyChange: Screen=0, Origin=0x0, Size=952x677, Sending to async-handler
00:01:22.047526 GUI: UIMachineView::storeGuestSizeHint: Storing guest-screen size-hint for screen 0 as 952x976
00:01:22.049373 GUI: UIMachineView::sltHandleNotifyChange: Screen=0, Size=952x677
00:01:22.049396 GUI: UIFrameBufferPrivate::handleNotifyChange: Size=952x677
00:01:22.049401 GUI: UIFrameBufferPrivate::performResize: Size=952x677, Directly using source bitmap content
00:01:22.050152 GUI: UIMachineView::storeGuestSizeHint: Storing guest-screen size-hint for screen 0 as 952x677
00:01:22.215263 GUI: UIMachineView::sltHandleNotifyChange: Screen=0, Size=952x677
00:01:22.215289 GUI: UIFrameBufferPrivate::handleNotifyChange: Size=952x677
00:01:22.215473 GUI: UIMachineView::storeGuestSizeHint: Storing guest-screen size-hint for screen 0 as 952x677
00:01:22.226446 GUI: UIMediumEnumerator: Medium-enumeration finished!
00:01:24.997936 DSound: Output: GUID: {BCDE443C-72BB-421A-AC57-606B6D16C901} [Speakers / Headphones (Realtek Audio)] (Module: {0.0.0.00000000}.{bcde443c-72bb-421a-ac57-606b6d16c901})
00:01:24.998313 DSound: Input: GUID: {6A8E03B1-6AD0-4D70-BD52-833C501C880B} [Microphone Array (Realtek Audio)] (Module: {0.0.1.00000000}.{6a8e03b1-6ad0-4d70-bd52-833c501c880b})
00:01:25.987511 GUI: UIMachineView::sltPerformGuestResize: Sending guest size-hint to screen 0 as 1366x673 if necessary
00:01:25.987562 VMMDev: SetVideoModeHint: Got a video mode hint (1366x673x32)@(0x0),(1;0) at 0
00:01:25.991036 VBVA: InfoScreen: [0] @0,0 952x677, line 0xee0, BPP 0, flags 0x5
00:01:25.991062 Display::handleDisplayResize: uScreenId=0 pvVRAM=000000000e1a0000 w=952 h=677 bpp=0 cbLine=0xEE0 flags=0x5
00:01:25.991082 GUI: UIFrameBufferPrivate::NotifyChange: Screen=0, Origin=0x0, Size=952x677, Sending to async-handler
00:01:25.991144 GUI: UIMachineView::sltHandleNotifyChange: Screen=0, Size=952x677
00:01:25.991156 GUI: UIFrameBufferPrivate::handleNotifyChange: Size=952x677
00:01:25.991179 GUI: UIFrameBufferPrivate::performResize: Size=952x677, Using fallback buffer since no source bitmap is provided
00:01:25.992401 GUI: UIMachineView::storeGuestSizeHint: Storing guest-screen size-hint for screen 0 as 952x677
00:01:25.994942 VBVA: InfoScreen: [0] @0,0 1360x673, line 0x1540, BPP 0, flags 0x5
00:01:25.994978 Display::handleDisplayResize: uScreenId=0 pvVRAM=000000000e1a0000 w=1360 h=673 bpp=0 cbLine=0x1540 flags=0x5
00:01:25.995278 GUI: UIFrameBufferPrivate::NotifyChange: Screen=0, Origin=0x0, Size=1360x673, Sending to async-handler
00:01:25.995397 VBVA: InfoScreen: [0] @0,0 1360x673, line 0x1540, BPP 32, flags 0x1
00:01:25.995408 Display::handleDisplayResize: uScreenId=0 pvVRAM=000000000e1a0000 w=1360 h=673 bpp=32 cbLine=0x1540 flags=0x1
00:01:25.995455 GUI: UIFrameBufferPrivate::NotifyChange: Screen=0, Origin=0x0, Size=1360x673, Sending to async-handler
00:01:25.996572 GUI: UIMachineView::sltHandleNotifyChange: Screen=0, Size=1360x673
00:01:25.996610 GUI: UIFrameBufferPrivate::handleNotifyChange: Size=1360x673
00:01:25.996619 GUI: UIFrameBufferPrivate::performResize: Size=1360x673, Directly using source bitmap content
00:01:25.998671 GUI: UIMachineView::storeGuestSizeHint: Storing guest-screen size-hint for screen 0 as 1360x673
00:01:26.176442 GUI: UIMachineView::sltHandleNotifyChange: Screen=0, Size=1360x673
00:01:26.176465 GUI: UIFrameBufferPrivate::handleNotifyChange: Size=1360x673
00:01:26.176635 GUI: UIMachineView::storeGuestSizeHint: Storing guest-screen size-hint for screen 0 as 1360x673
00:01:26.187773 GUI: UIMediumEnumerator: Medium-enumeration finished!
00:02:20.914694 GUI: UIMediumEnumerator: Medium-enumeration finished!
00:02:29.095882 GUI: UIMediumEnumerator: Medium-enumeration finished!
00:17:06.650091 VMMDev: Guest Additions capability report: (0x1 -> 0x0) seamless: no, hostWindowMapping: no, graphics: no
00:17:06.650274 GUI: UISession::sltAdditionsChange: GA state really changed, notifying listeners.
00:17:06.650305 GUI: UIMachineViewNormal::adjustGuestScreenSize: Adjust guest-screen size if necessary.
00:17:06.650326 GUI: UIMachineView::sltPerformGuestResize: Sending guest size-hint to screen 0 as 1366x673 if necessary
00:17:06.650352 VMMDev: SetVideoModeHint: Got a video mode hint (1366x673x32)@(0x0),(1;0) at 0
00:17:06.650359 GUI: UISession::sltAdditionsChange: GA state change event came, notifying listeners.
00:17:06.650363 GUI: UIMachineLogicNormal::sltCheckForRequestedVisualStateType: Requested-state=0, Machine-state=5
00:17:06.822265 Display::handleDisplayResize: uScreenId=0 pvVRAM=000000000e1a0000 w=1360 h=673 bpp=32 cbLine=0x1540 flags=0x0
00:17:06.822330 GUI: UISession::sltAdditionsChange: GA state really changed, notifying listeners.
00:17:06.822415 GUI: UIFrameBufferPrivate::NotifyChange: Screen=0, Origin=0x0, Size=1360x673, Sending to async-handler
00:17:06.822501 GUI: UIMachineViewNormal::adjustGuestScreenSize: Adjust guest-screen size if necessary.
00:17:06.822515 GUI: UISession::sltAdditionsChange: GA state change event came, notifying listeners.
00:17:06.822519 GUI: UIMachineLogicNormal::sltCheckForRequestedVisualStateType: Requested-state=0, Machine-state=5
00:17:06.822557 GUI: UIMachineView::sltHandleNotifyChange: Screen=0, Size=1360x673
00:17:06.822563 GUI: UIFrameBufferPrivate::handleNotifyChange: Size=1360x673
00:17:06.822578 GUI: UIFrameBufferPrivate::performResize: Size=1360x673, Directly using source bitmap content
00:17:06.824876 VBVA: InfoScreen: [0] @0,0 800x600, line 0xc80, BPP 32, flags 0x1
00:17:06.824918 Display::handleDisplayResize: uScreenId=0 pvVRAM=000000000e1a0000 w=800 h=600 bpp=32 cbLine=0xC80 flags=0x1
00:17:06.825178 GUI: UIFrameBufferPrivate::NotifyChange: Screen=0, Origin=0x0, Size=800x600, Sending to async-handler
00:17:06.825283 Display::handleDisplayResize: uScreenId=0 pvVRAM=000000000e1a0000 w=800 h=600 bpp=32 cbLine=0xC80 flags=0x0
00:17:06.825362 GUI: UIFrameBufferPrivate::NotifyChange: Screen=0, Origin=0x0, Size=800x600, Sending to async-handler
00:17:06.825541 VBVA: InfoScreen: [0] @0,0 800x600, line 0xc80, BPP 32, flags 0x1
00:17:06.825554 Display::handleDisplayResize: uScreenId=0 pvVRAM=000000000e1a0000 w=800 h=600 bpp=32 cbLine=0xC80 flags=0x1
00:17:06.825592 GUI: UIFrameBufferPrivate::NotifyChange: Screen=0, Origin=0x0, Size=800x600, Sending to async-handler
00:17:06.825695 GUI: UIMachineView::sltHandleNotifyChange: Screen=0, Size=800x600
00:17:06.825705 GUI: UIFrameBufferPrivate::handleNotifyChange: Size=800x600
00:17:06.825726 GUI: UIFrameBufferPrivate::performResize: Size=800x600, Directly using source bitmap content
00:17:06.826444 GUI: UIMachineView::sltHandleNotifyChange: Screen=0, Size=800x600
00:17:06.826463 GUI: UIFrameBufferPrivate::handleNotifyChange: Size=800x600
00:17:06.826607 GUI: UIMachineView::sltHandleNotifyChange: Screen=0, Size=800x600
00:17:06.826618 GUI: UIFrameBufferPrivate::handleNotifyChange: Size=800x600
00:17:06.867633 GUI: UISession::sltAdditionsChange: GA state really changed, notifying listeners.
00:17:06.867670 GUI: UIMachineViewNormal::adjustGuestScreenSize: Adjust guest-screen size if necessary.
00:17:06.867692 GUI: UIMachineView::sltPerformGuestResize: Sending guest size-hint to screen 0 as 1366x673 if necessary
00:17:06.867732 VMMDev: SetVideoModeHint: Got a video mode hint (1366x673x32)@(0x0),(1;0) at 0
00:17:06.867741 GUI: UISession::sltAdditionsChange: GA state change event came, notifying listeners.
00:17:06.867746 GUI: UIMachineLogicNormal::sltCheckForRequestedVisualStateType: Requested-state=0, Machine-state=5
00:17:06.977052 VBVA: InfoScreen: [0] @0,0 1360x673, line 0x1540, BPP 32, flags 0x1
00:17:06.977064 Display::handleDisplayResize: uScreenId=0 pvVRAM=000000000e1a0000 w=1360 h=673 bpp=32 cbLine=0x1540 flags=0x1
00:17:06.977064 GUI: UIFrameBufferPrivate::NotifyChange: Screen=0, Origin=0x0, Size=1360x673, Sending to async-handler
00:17:06.977064 GUI: UIMachineView::sltHandleNotifyChange: Screen=0, Size=1360x673
00:17:06.977064 GUI: UIFrameBufferPrivate::handleNotifyChange: Size=1360x673
00:17:06.977064 GUI: UIFrameBufferPrivate::performResize: Size=1360x673, Directly using source bitmap content
00:17:06.977969 GUI: UIMachineView::storeGuestSizeHint: Storing guest-screen size-hint for screen 0 as 1360x673
00:17:06.985849 Display::handleDisplayResize: uScreenId=0 pvVRAM=000000000e1a0000 w=1360 h=673 bpp=32 cbLine=0x1540 flags=0x0
00:17:06.985911 GUI: UIFrameBufferPrivate::NotifyChange: Screen=0, Origin=0x0, Size=1360x673, Sending to async-handler
00:17:06.985965 GUI: UIMachineView::sltHandleNotifyChange: Screen=0, Size=1360x673
00:17:06.985982 GUI: UIFrameBufferPrivate::handleNotifyChange: Size=1360x673
00:17:06.986002 GUI: UIFrameBufferPrivate::performResize: Size=1360x673, Directly using source bitmap content
00:17:06.986097 GUI: UIMachineView::storeGuestSizeHint: Storing guest-screen size-hint for screen 0 as 1360x673
00:17:07.393205 DSound: Output: GUID: {BCDE443C-72BB-421A-AC57-606B6D16C901} [Speakers / Headphones (Realtek Audio)] (Module: {0.0.0.00000000}.{bcde443c-72bb-421a-ac57-606b6d16c901})
00:17:07.393610 DSound: Input: GUID: {6A8E03B1-6AD0-4D70-BD52-833C501C880B} [Microphone Array (Realtek Audio)] (Module: {0.0.1.00000000}.{6a8e03b1-6ad0-4d70-bd52-833c501c880b})
00:21:35.603692 VMMDev: Guest Additions capability report: (0x0 -> 0x1) seamless: yes, hostWindowMapping: no, graphics: no
00:21:35.604428 GUI: UISession::sltAdditionsChange: GA state really changed, notifying listeners.
00:21:35.604477 GUI: UIMachineViewNormal::adjustGuestScreenSize: Adjust guest-screen size if necessary.
00:21:35.604504 GUI: UIMachineView::sltPerformGuestResize: Sending guest size-hint to screen 0 as 1366x673 if necessary
00:21:35.604533 VMMDev: SetVideoModeHint: Got a video mode hint (1366x673x32)@(0x0),(1;0) at 0
00:21:35.604542 GUI: UISession::sltAdditionsChange: GA state change event came, notifying listeners.
00:21:35.604547 GUI: UIMachineLogicNormal::sltCheckForRequestedVisualStateType: Requested-state=0, Machine-state=5
